2022-03-16 21:41:29,665 INFO    MainThread:34165 [internal.py:wandb_internal():95] W&B internal server running at pid: 34165, started at: 2022-03-16 21:41:29.664870
2022-03-16 21:41:29,666 INFO    WriterThread:34165 [datastore.py:open_for_write():77] open: /Users/wz/IdeaProjects/context-aware-embedding/Resources/code/wandb/run-20220316_214128-18kvy4xr/run-18kvy4xr.wandb
2022-03-16 21:41:29,668 DEBUG   SenderThread:34165 [sender.py:send():235] send: header
2022-03-16 21:41:29,668 DEBUG   SenderThread:34165 [sender.py:send():235] send: run
2022-03-16 21:41:30,540 INFO    SenderThread:34165 [dir_watcher.py:__init__():169] watching files in: /Users/wz/IdeaProjects/context-aware-embedding/Resources/code/wandb/run-20220316_214128-18kvy4xr/files
2022-03-16 21:41:30,540 INFO    SenderThread:34165 [sender.py:_start_run_threads():815] run started: 18kvy4xr with start time 1647427288
2022-03-16 21:41:30,543 DEBUG   HandlerThread:34165 [handler.py:handle_request():141] handle_request: check_version
2022-03-16 21:41:30,543 DEBUG   SenderThread:34165 [sender.py:send():235] send: summary
2022-03-16 21:41:30,543 INFO    SenderThread:34165 [sender.py:_save_file():947] saving file wandb-summary.json with policy end
2022-03-16 21:41:30,543 DEBUG   SenderThread:34165 [sender.py:send_request():249] send_request: check_version
2022-03-16 21:41:31,341 DEBUG   HandlerThread:34165 [handler.py:handle_request():141] handle_request: run_start
2022-03-16 21:41:31,786 INFO    Thread-7  :34165 [dir_watcher.py:_on_file_created():217] file/dir created: /Users/wz/IdeaProjects/context-aware-embedding/Resources/code/wandb/run-20220316_214128-18kvy4xr/files/wandb-summary.json
2022-03-16 21:41:33,136 DEBUG   HandlerThread:34165 [meta.py:__init__():37] meta init
2022-03-16 21:41:33,136 DEBUG   HandlerThread:34165 [meta.py:__init__():51] meta init done
2022-03-16 21:41:33,136 DEBUG   HandlerThread:34165 [meta.py:probe():211] probe
2022-03-16 21:41:33,137 DEBUG   HandlerThread:34165 [meta.py:_setup_git():201] setup git
2022-03-16 21:41:33,245 DEBUG   HandlerThread:34165 [meta.py:_setup_git():208] setup git done
2022-03-16 21:41:33,246 DEBUG   HandlerThread:34165 [meta.py:_save_pip():55] save pip
2022-03-16 21:41:33,248 DEBUG   HandlerThread:34165 [meta.py:_save_pip():69] save pip done
2022-03-16 21:41:33,249 DEBUG   HandlerThread:34165 [meta.py:_save_conda():76] save conda
2022-03-16 21:41:33,788 INFO    Thread-7  :34165 [dir_watcher.py:_on_file_created():217] file/dir created: /Users/wz/IdeaProjects/context-aware-embedding/Resources/code/wandb/run-20220316_214128-18kvy4xr/files/requirements.txt
2022-03-16 21:41:33,789 INFO    Thread-7  :34165 [dir_watcher.py:_on_file_created():217] file/dir created: /Users/wz/IdeaProjects/context-aware-embedding/Resources/code/wandb/run-20220316_214128-18kvy4xr/files/conda-environment.yaml
2022-03-16 21:41:36,798 INFO    Thread-7  :34165 [dir_watcher.py:_on_file_created():217] file/dir created: /Users/wz/IdeaProjects/context-aware-embedding/Resources/code/wandb/run-20220316_214128-18kvy4xr/files/output.log
2022-03-16 21:41:43,516 DEBUG   HandlerThread:34165 [meta.py:_save_conda():86] save conda done
2022-03-16 21:41:43,516 DEBUG   HandlerThread:34165 [meta.py:probe():249] probe done
2022-03-16 21:41:43,523 DEBUG   HandlerThread:34165 [handler.py:handle_request():141] handle_request: stop_status
2022-03-16 21:41:43,524 DEBUG   SenderThread:34165 [sender.py:send_request():249] send_request: stop_status
2022-03-16 21:41:43,527 DEBUG   HandlerThread:34165 [handler.py:handle_request():141] handle_request: pause
2022-03-16 21:41:43,527 INFO    HandlerThread:34165 [handler.py:handle_request_pause():659] stopping system metrics thread
2022-03-16 21:41:43,606 DEBUG   HandlerThread:34165 [handler.py:handle_request():141] handle_request: resume
2022-03-16 21:41:43,606 INFO    HandlerThread:34165 [handler.py:handle_request_resume():650] starting system metrics thread
2022-03-16 21:41:43,816 INFO    Thread-7  :34165 [dir_watcher.py:_on_file_modified():230] file/dir modified: /Users/wz/IdeaProjects/context-aware-embedding/Resources/code/wandb/run-20220316_214128-18kvy4xr/files/conda-environment.yaml
2022-03-16 21:41:43,816 INFO    Thread-7  :34165 [dir_watcher.py:_on_file_created():217] file/dir created: /Users/wz/IdeaProjects/context-aware-embedding/Resources/code/wandb/run-20220316_214128-18kvy4xr/files/wandb-metadata.json
2022-03-16 21:41:43,877 DEBUG   SenderThread:34165 [sender.py:send():235] send: telemetry
2022-03-16 21:41:43,877 DEBUG   SenderThread:34165 [sender.py:send():235] send: files
2022-03-16 21:41:43,877 INFO    SenderThread:34165 [sender.py:_save_file():947] saving file wandb-metadata.json with policy now
2022-03-16 21:41:43,878 DEBUG   SenderThread:34165 [sender.py:send():235] send: stats
2022-03-16 21:41:44,819 INFO    Thread-7  :34165 [dir_watcher.py:_on_file_modified():230] file/dir modified: /Users/wz/IdeaProjects/context-aware-embedding/Resources/code/wandb/run-20220316_214128-18kvy4xr/files/output.log
2022-03-16 21:41:44,970 INFO    Thread-12 :34165 [upload_job.py:push():137] Uploaded file /var/folders/g6/dmtl65514z1f6797p1f74l1w0000gn/T/tmpzjp5bkqpwandb/hq3sv1cz-wandb-metadata.json
2022-03-16 21:41:48,839 INFO    Thread-7  :34165 [dir_watcher.py:_on_file_modified():230] file/dir modified: /Users/wz/IdeaProjects/context-aware-embedding/Resources/code/wandb/run-20220316_214128-18kvy4xr/files/output.log
2022-03-16 21:41:49,657 DEBUG   HandlerThread:34165 [handler.py:handle_request():141] handle_request: pause
2022-03-16 21:41:49,657 INFO    HandlerThread:34165 [handler.py:handle_request_pause():659] stopping system metrics thread
2022-03-16 21:41:49,679 DEBUG   SenderThread:34165 [sender.py:send():235] send: stats
2022-03-16 21:41:49,742 DEBUG   HandlerThread:34165 [handler.py:handle_request():141] handle_request: resume
2022-03-16 21:41:49,742 INFO    HandlerThread:34165 [handler.py:handle_request_resume():650] starting system metrics thread
2022-03-16 21:41:49,746 DEBUG   HandlerThread:34165 [handler.py:handle_request():141] handle_request: pause
2022-03-16 21:41:49,746 INFO    HandlerThread:34165 [handler.py:handle_request_pause():659] stopping system metrics thread
2022-03-16 21:41:49,849 DEBUG   HandlerThread:34165 [handler.py:handle_request():141] handle_request: resume
2022-03-16 21:41:49,849 INFO    HandlerThread:34165 [handler.py:handle_request_resume():650] starting system metrics thread
2022-03-16 21:41:49,850 DEBUG   SenderThread:34165 [sender.py:send():235] send: telemetry
2022-03-16 21:41:49,850 DEBUG   HandlerThread:34165 [handler.py:handle_request():141] handle_request: pause
2022-03-16 21:41:49,850 INFO    HandlerThread:34165 [handler.py:handle_request_pause():659] stopping system metrics thread
2022-03-16 21:41:49,956 DEBUG   HandlerThread:34165 [handler.py:handle_request():141] handle_request: resume
2022-03-16 21:41:49,956 INFO    HandlerThread:34165 [handler.py:handle_request_resume():650] starting system metrics thread
2022-03-16 21:41:49,957 DEBUG   SenderThread:34165 [sender.py:send():235] send: stats
2022-03-16 21:41:49,958 DEBUG   SenderThread:34165 [sender.py:send():235] send: stats
2022-03-16 21:41:50,850 INFO    Thread-7  :34165 [dir_watcher.py:_on_file_modified():230] file/dir modified: /Users/wz/IdeaProjects/context-aware-embedding/Resources/code/wandb/run-20220316_214128-18kvy4xr/files/output.log
2022-03-16 21:41:56,362 DEBUG   HandlerThread:34165 [handler.py:handle_request():141] handle_request: stop_status
2022-03-16 21:41:56,362 DEBUG   SenderThread:34165 [sender.py:send_request():249] send_request: stop_status
2022-03-16 21:42:00,416 DEBUG   HandlerThread:34165 [handler.py:handle_request():141] handle_request: pause
2022-03-16 21:42:00,416 INFO    HandlerThread:34165 [handler.py:handle_request_pause():659] stopping system metrics thread
2022-03-16 21:42:00,463 DEBUG   SenderThread:34165 [sender.py:send():235] send: stats
2022-03-16 21:42:00,524 DEBUG   HandlerThread:34165 [handler.py:handle_request():141] handle_request: resume
2022-03-16 21:42:00,524 INFO    HandlerThread:34165 [handler.py:handle_request_resume():650] starting system metrics thread
2022-03-16 21:42:00,598 DEBUG   HandlerThread:34165 [handler.py:handle_request():141] handle_request: pause
2022-03-16 21:42:00,598 INFO    HandlerThread:34165 [handler.py:handle_request_pause():659] stopping system metrics thread
2022-03-16 21:42:00,629 DEBUG   SenderThread:34165 [sender.py:send():235] send: stats
2022-03-16 21:42:00,700 DEBUG   HandlerThread:34165 [handler.py:handle_request():141] handle_request: resume
2022-03-16 21:42:00,700 INFO    HandlerThread:34165 [handler.py:handle_request_resume():650] starting system metrics thread
2022-03-16 21:42:00,701 DEBUG   HandlerThread:34165 [handler.py:handle_request():141] handle_request: pause
2022-03-16 21:42:00,701 INFO    HandlerThread:34165 [handler.py:handle_request_pause():659] stopping system metrics thread
2022-03-16 21:42:00,807 DEBUG   HandlerThread:34165 [handler.py:handle_request():141] handle_request: resume
2022-03-16 21:42:00,807 INFO    HandlerThread:34165 [handler.py:handle_request_resume():650] starting system metrics thread
2022-03-16 21:42:00,808 DEBUG   HandlerThread:34165 [handler.py:handle_request():141] handle_request: pause
2022-03-16 21:42:00,808 INFO    HandlerThread:34165 [handler.py:handle_request_pause():659] stopping system metrics thread
2022-03-16 21:42:00,880 INFO    Thread-7  :34165 [dir_watcher.py:_on_file_modified():230] file/dir modified: /Users/wz/IdeaProjects/context-aware-embedding/Resources/code/wandb/run-20220316_214128-18kvy4xr/files/config.yaml
2022-03-16 21:42:00,913 DEBUG   SenderThread:34165 [sender.py:send():235] send: stats
2022-03-16 21:42:00,913 DEBUG   HandlerThread:34165 [handler.py:handle_request():141] handle_request: resume
2022-03-16 21:42:00,913 INFO    HandlerThread:34165 [handler.py:handle_request_resume():650] starting system metrics thread
2022-03-16 21:42:00,914 DEBUG   SenderThread:34165 [sender.py:send():235] send: stats
2022-03-16 21:42:01,014 DEBUG   HandlerThread:34165 [handler.py:handle_request():141] handle_request: pause
2022-03-16 21:42:01,014 INFO    HandlerThread:34165 [handler.py:handle_request_pause():659] stopping system metrics thread
2022-03-16 21:42:01,017 DEBUG   SenderThread:34165 [sender.py:send():235] send: stats
2022-03-16 21:42:01,105 DEBUG   HandlerThread:34165 [handler.py:handle_request():141] handle_request: resume
2022-03-16 21:42:01,105 INFO    HandlerThread:34165 [handler.py:handle_request_resume():650] starting system metrics thread
2022-03-16 21:42:01,116 DEBUG   HandlerThread:34165 [handler.py:handle_request():141] handle_request: pause
2022-03-16 21:42:01,116 INFO    HandlerThread:34165 [handler.py:handle_request_pause():659] stopping system metrics thread
2022-03-16 21:42:01,212 DEBUG   SenderThread:34165 [sender.py:send():235] send: stats
2022-03-16 21:42:01,268 DEBUG   HandlerThread:34165 [handler.py:handle_request():141] handle_request: resume
2022-03-16 21:42:01,268 INFO    HandlerThread:34165 [handler.py:handle_request_resume():650] starting system metrics thread
2022-03-16 21:42:02,883 INFO    Thread-7  :34165 [dir_watcher.py:_on_file_modified():230] file/dir modified: /Users/wz/IdeaProjects/context-aware-embedding/Resources/code/wandb/run-20220316_214128-18kvy4xr/files/output.log
2022-03-16 21:42:11,697 DEBUG   HandlerThread:34165 [handler.py:handle_request():141] handle_request: stop_status
2022-03-16 21:42:11,697 DEBUG   SenderThread:34165 [sender.py:send_request():249] send_request: stop_status
2022-03-16 21:42:15,070 WARNING MainThread:34165 [internal.py:wandb_internal():155] Internal process interrupt: 1
2022-03-16 21:42:15,782 DEBUG   HandlerThread:34165 [handler.py:handle_request():141] handle_request: pause
2022-03-16 21:42:15,782 INFO    HandlerThread:34165 [handler.py:handle_request_pause():659] stopping system metrics thread
2022-03-16 21:42:15,854 DEBUG   SenderThread:34165 [sender.py:send():235] send: stats
2022-03-16 21:42:16,928 INFO    Thread-7  :34165 [dir_watcher.py:_on_file_modified():230] file/dir modified: /Users/wz/IdeaProjects/context-aware-embedding/Resources/code/wandb/run-20220316_214128-18kvy4xr/files/output.log
2022-03-16 21:42:27,058 DEBUG   HandlerThread:34165 [handler.py:handle_request():141] handle_request: stop_status
2022-03-16 21:42:27,058 DEBUG   SenderThread:34165 [sender.py:send_request():249] send_request: stop_status
2022-03-16 21:42:42,417 DEBUG   HandlerThread:34165 [handler.py:handle_request():141] handle_request: stop_status
2022-03-16 21:42:42,417 DEBUG   SenderThread:34165 [sender.py:send_request():249] send_request: stop_status
2022-03-16 21:42:48,259 DEBUG   HandlerThread:34165 [handler.py:handle_request():141] handle_request: resume
2022-03-16 21:42:48,259 INFO    HandlerThread:34165 [handler.py:handle_request_resume():650] starting system metrics thread
2022-03-16 21:42:51,036 INFO    Thread-7  :34165 [dir_watcher.py:_on_file_modified():230] file/dir modified: /Users/wz/IdeaProjects/context-aware-embedding/Resources/code/wandb/run-20220316_214128-18kvy4xr/files/output.log
2022-03-16 21:42:58,034 DEBUG   HandlerThread:34165 [handler.py:handle_request():141] handle_request: stop_status
2022-03-16 21:42:58,035 DEBUG   SenderThread:34165 [sender.py:send_request():249] send_request: stop_status
2022-03-16 21:43:13,399 DEBUG   HandlerThread:34165 [handler.py:handle_request():141] handle_request: stop_status
2022-03-16 21:43:13,399 DEBUG   SenderThread:34165 [sender.py:send_request():249] send_request: stop_status
2022-03-16 21:43:16,935 DEBUG   SenderThread:34165 [sender.py:send():235] send: stats
2022-03-16 21:43:28,962 DEBUG   HandlerThread:34165 [handler.py:handle_request():141] handle_request: stop_status
2022-03-16 21:43:28,962 DEBUG   SenderThread:34165 [sender.py:send_request():249] send_request: stop_status
2022-03-16 21:43:44,503 DEBUG   HandlerThread:34165 [handler.py:handle_request():141] handle_request: stop_status
2022-03-16 21:43:44,503 DEBUG   SenderThread:34165 [sender.py:send_request():249] send_request: stop_status
2022-03-16 21:43:47,686 DEBUG   SenderThread:34165 [sender.py:send():235] send: stats
2022-03-16 21:44:00,085 DEBUG   HandlerThread:34165 [handler.py:handle_request():141] handle_request: stop_status
2022-03-16 21:44:00,085 DEBUG   SenderThread:34165 [sender.py:send_request():249] send_request: stop_status
2022-03-16 21:44:15,414 DEBUG   HandlerThread:34165 [handler.py:handle_request():141] handle_request: stop_status
2022-03-16 21:44:15,414 DEBUG   SenderThread:34165 [sender.py:send_request():249] send_request: stop_status
2022-03-16 21:44:18,409 DEBUG   SenderThread:34165 [sender.py:send():235] send: stats
2022-03-16 21:44:30,778 DEBUG   HandlerThread:34165 [handler.py:handle_request():141] handle_request: stop_status
2022-03-16 21:44:30,778 DEBUG   SenderThread:34165 [sender.py:send_request():249] send_request: stop_status
2022-03-16 21:44:46,290 DEBUG   HandlerThread:34165 [handler.py:handle_request():141] handle_request: stop_status
2022-03-16 21:44:46,290 DEBUG   SenderThread:34165 [sender.py:send_request():249] send_request: stop_status
2022-03-16 21:44:49,128 DEBUG   SenderThread:34165 [sender.py:send():235] send: stats
2022-03-16 21:45:01,793 DEBUG   HandlerThread:34165 [handler.py:handle_request():141] handle_request: stop_status
2022-03-16 21:45:01,794 DEBUG   SenderThread:34165 [sender.py:send_request():249] send_request: stop_status
2022-03-16 21:45:17,364 DEBUG   HandlerThread:34165 [handler.py:handle_request():141] handle_request: stop_status
2022-03-16 21:45:17,364 DEBUG   SenderThread:34165 [sender.py:send_request():249] send_request: stop_status
2022-03-16 21:45:19,860 DEBUG   SenderThread:34165 [sender.py:send():235] send: stats
2022-03-16 21:45:32,864 DEBUG   HandlerThread:34165 [handler.py:handle_request():141] handle_request: stop_status
2022-03-16 21:45:32,864 DEBUG   SenderThread:34165 [sender.py:send_request():249] send_request: stop_status
2022-03-16 21:45:48,246 DEBUG   HandlerThread:34165 [handler.py:handle_request():141] handle_request: stop_status
2022-03-16 21:45:48,247 DEBUG   SenderThread:34165 [sender.py:send_request():249] send_request: stop_status
2022-03-16 21:45:50,631 DEBUG   SenderThread:34165 [sender.py:send():235] send: stats
2022-03-16 21:46:03,692 DEBUG   HandlerThread:34165 [handler.py:handle_request():141] handle_request: stop_status
2022-03-16 21:46:03,692 DEBUG   SenderThread:34165 [sender.py:send_request():249] send_request: stop_status
2022-03-16 21:46:19,071 DEBUG   HandlerThread:34165 [handler.py:handle_request():141] handle_request: stop_status
2022-03-16 21:46:19,071 DEBUG   SenderThread:34165 [sender.py:send_request():249] send_request: stop_status
2022-03-16 21:46:21,449 DEBUG   SenderThread:34165 [sender.py:send():235] send: stats
2022-03-16 21:46:34,435 DEBUG   HandlerThread:34165 [handler.py:handle_request():141] handle_request: stop_status
2022-03-16 21:46:34,435 DEBUG   SenderThread:34165 [sender.py:send_request():249] send_request: stop_status
2022-03-16 21:46:49,797 DEBUG   HandlerThread:34165 [handler.py:handle_request():141] handle_request: stop_status
2022-03-16 21:46:49,797 DEBUG   SenderThread:34165 [sender.py:send_request():249] send_request: stop_status
2022-03-16 21:46:52,242 DEBUG   SenderThread:34165 [sender.py:send():235] send: stats
2022-03-16 21:47:05,331 DEBUG   HandlerThread:34165 [handler.py:handle_request():141] handle_request: stop_status
2022-03-16 21:47:05,331 DEBUG   SenderThread:34165 [sender.py:send_request():249] send_request: stop_status
2022-03-16 21:47:18,151 DEBUG   HandlerThread:34165 [handler.py:handle_request():141] handle_request: pause
2022-03-16 21:47:18,151 INFO    HandlerThread:34165 [handler.py:handle_request_pause():659] stopping system metrics thread
2022-03-16 21:47:18,211 DEBUG   SenderThread:34165 [sender.py:send():235] send: stats
2022-03-16 21:47:19,760 INFO    Thread-7  :34165 [dir_watcher.py:_on_file_modified():230] file/dir modified: /Users/wz/IdeaProjects/context-aware-embedding/Resources/code/wandb/run-20220316_214128-18kvy4xr/files/output.log
2022-03-16 21:47:20,648 DEBUG   HandlerThread:34165 [handler.py:handle_request():141] handle_request: stop_status
2022-03-16 21:47:20,648 DEBUG   SenderThread:34165 [sender.py:send_request():249] send_request: stop_status
2022-03-16 21:47:35,973 DEBUG   HandlerThread:34165 [handler.py:handle_request():141] handle_request: stop_status
2022-03-16 21:47:35,974 DEBUG   SenderThread:34165 [sender.py:send_request():249] send_request: stop_status
2022-03-16 21:47:51,331 DEBUG   HandlerThread:34165 [handler.py:handle_request():141] handle_request: stop_status
2022-03-16 21:47:51,332 DEBUG   SenderThread:34165 [sender.py:send_request():249] send_request: stop_status
2022-03-16 21:48:08,469 DEBUG   HandlerThread:34165 [handler.py:handle_request():141] handle_request: stop_status
2022-03-16 21:48:08,469 DEBUG   SenderThread:34165 [sender.py:send_request():249] send_request: stop_status
2022-03-16 21:48:23,970 DEBUG   HandlerThread:34165 [handler.py:handle_request():141] handle_request: stop_status
2022-03-16 21:48:23,971 DEBUG   SenderThread:34165 [sender.py:send_request():249] send_request: stop_status
2022-03-16 21:48:39,407 DEBUG   HandlerThread:34165 [handler.py:handle_request():141] handle_request: stop_status
2022-03-16 21:48:39,407 DEBUG   SenderThread:34165 [sender.py:send_request():249] send_request: stop_status
2022-03-16 21:48:59,413 DEBUG   HandlerThread:34165 [handler.py:handle_request():141] handle_request: stop_status
2022-03-16 21:49:12,562 ERROR   SenderThread:34165 [retry.py:__call__():126] Retry attempt failed:
Traceback (most recent call last):
  File "/opt/anaconda3/lib/python3.7/site-packages/urllib3/connection.py", line 175, in _new_conn
    (self._dns_host, self.port), self.timeout, **extra_kw
  File "/opt/anaconda3/lib/python3.7/site-packages/urllib3/util/connection.py", line 95, in create_connection
    raise err
  File "/opt/anaconda3/lib/python3.7/site-packages/urllib3/util/connection.py", line 85, in create_connection
    sock.connect(sa)
socket.timeout: timed out

During handling of the above exception, another exception occurred:

Traceback (most recent call last):
  File "/opt/anaconda3/lib/python3.7/site-packages/urllib3/connectionpool.py", line 710, in urlopen
    chunked=chunked,
  File "/opt/anaconda3/lib/python3.7/site-packages/urllib3/connectionpool.py", line 386, in _make_request
    self._validate_conn(conn)
  File "/opt/anaconda3/lib/python3.7/site-packages/urllib3/connectionpool.py", line 1040, in _validate_conn
    conn.connect()
  File "/opt/anaconda3/lib/python3.7/site-packages/urllib3/connection.py", line 358, in connect
    conn = self._new_conn()
  File "/opt/anaconda3/lib/python3.7/site-packages/urllib3/connection.py", line 182, in _new_conn
    % (self.host, self.timeout),
urllib3.exceptions.ConnectTimeoutError: (<urllib3.connection.HTTPSConnection object at 0x7fdb6ab88590>, 'Connection to api.wandb.ai timed out. (connect timeout=10)')

During handling of the above exception, another exception occurred:

Traceback (most recent call last):
  File "/opt/anaconda3/lib/python3.7/site-packages/requests/adapters.py", line 450, in send
    timeout=timeout
  File "/opt/anaconda3/lib/python3.7/site-packages/urllib3/connectionpool.py", line 786, in urlopen
    method, url, error=e, _pool=self, _stacktrace=sys.exc_info()[2]
  File "/opt/anaconda3/lib/python3.7/site-packages/urllib3/util/retry.py", line 592, in increment
    raise MaxRetryError(_pool, url, error or ResponseError(cause))
urllib3.exceptions.MaxRetryError: HTTPSConnectionPool(host='api.wandb.ai', port=443): Max retries exceeded with url: /graphql (Caused by ConnectTimeoutError(<urllib3.connection.HTTPSConnection object at 0x7fdb6ab88590>, 'Connection to api.wandb.ai timed out. (connect timeout=10)'))

During handling of the above exception, another exception occurred:

Traceback (most recent call last):
  File "/opt/anaconda3/lib/python3.7/site-packages/wandb/sdk/lib/retry.py", line 102, in __call__
    result = self._call_fn(*args, **kwargs)
  File "/opt/anaconda3/lib/python3.7/site-packages/wandb/sdk/internal/internal_api.py", line 140, in execute
    return self.client.execute(*args, **kwargs)
  File "/opt/anaconda3/lib/python3.7/site-packages/wandb/vendor/gql-0.2.0/wandb_gql/client.py", line 52, in execute
    result = self._get_result(document, *args, **kwargs)
  File "/opt/anaconda3/lib/python3.7/site-packages/wandb/vendor/gql-0.2.0/wandb_gql/client.py", line 60, in _get_result
    return self.transport.execute(document, *args, **kwargs)
  File "/opt/anaconda3/lib/python3.7/site-packages/wandb/vendor/gql-0.2.0/wandb_gql/transport/requests.py", line 38, in execute
    request = requests.post(self.url, **post_args)
  File "/opt/anaconda3/lib/python3.7/site-packages/requests/api.py", line 117, in post
    return request('post', url, data=data, json=json, **kwargs)
  File "/opt/anaconda3/lib/python3.7/site-packages/requests/api.py", line 61, in request
    return session.request(method=method, url=url, **kwargs)
  File "/opt/anaconda3/lib/python3.7/site-packages/requests/sessions.py", line 529, in request
    resp = self.send(prep, **send_kwargs)
  File "/opt/anaconda3/lib/python3.7/site-packages/requests/sessions.py", line 645, in send
    r = adapter.send(request, **kwargs)
  File "/opt/anaconda3/lib/python3.7/site-packages/requests/adapters.py", line 507, in send
    raise ConnectTimeout(e, request=request)
requests.exceptions.ConnectTimeout: HTTPSConnectionPool(host='api.wandb.ai', port=443): Max retries exceeded with url: /graphql (Caused by ConnectTimeoutError(<urllib3.connection.HTTPSConnection object at 0x7fdb6ab88590>, 'Connection to api.wandb.ai timed out. (connect timeout=10)'))
2022-03-16 21:49:14,140 INFO    Thread-7  :34165 [dir_watcher.py:_on_file_modified():230] file/dir modified: /Users/wz/IdeaProjects/context-aware-embedding/Resources/code/wandb/run-20220316_214128-18kvy4xr/files/output.log
2022-03-16 21:49:19,417 DEBUG   HandlerThread:34165 [handler.py:handle_request():141] handle_request: stop_status
2022-03-16 21:49:23,729 DEBUG   SenderThread:34165 [sender.py:send_request():249] send_request: stop_status
2022-03-16 21:49:24,142 DEBUG   SenderThread:34165 [sender.py:send_request():249] send_request: stop_status
2022-03-16 21:49:39,425 DEBUG   HandlerThread:34165 [handler.py:handle_request():141] handle_request: stop_status
2022-03-16 21:49:39,425 DEBUG   SenderThread:34165 [sender.py:send_request():249] send_request: stop_status
2022-03-16 21:49:59,430 DEBUG   HandlerThread:34165 [handler.py:handle_request():141] handle_request: stop_status
2022-03-16 21:50:12,724 ERROR   SenderThread:34165 [retry.py:__call__():126] Retry attempt failed:
Traceback (most recent call last):
  File "/opt/anaconda3/lib/python3.7/site-packages/urllib3/connection.py", line 175, in _new_conn
    (self._dns_host, self.port), self.timeout, **extra_kw
  File "/opt/anaconda3/lib/python3.7/site-packages/urllib3/util/connection.py", line 95, in create_connection
    raise err
  File "/opt/anaconda3/lib/python3.7/site-packages/urllib3/util/connection.py", line 85, in create_connection
    sock.connect(sa)
socket.timeout: timed out

During handling of the above exception, another exception occurred:

Traceback (most recent call last):
  File "/opt/anaconda3/lib/python3.7/site-packages/urllib3/connectionpool.py", line 710, in urlopen
    chunked=chunked,
  File "/opt/anaconda3/lib/python3.7/site-packages/urllib3/connectionpool.py", line 386, in _make_request
    self._validate_conn(conn)
  File "/opt/anaconda3/lib/python3.7/site-packages/urllib3/connectionpool.py", line 1040, in _validate_conn
    conn.connect()
  File "/opt/anaconda3/lib/python3.7/site-packages/urllib3/connection.py", line 358, in connect
    conn = self._new_conn()
  File "/opt/anaconda3/lib/python3.7/site-packages/urllib3/connection.py", line 182, in _new_conn
    % (self.host, self.timeout),
urllib3.exceptions.ConnectTimeoutError: (<urllib3.connection.HTTPSConnection object at 0x7fdb6acf8fd0>, 'Connection to api.wandb.ai timed out. (connect timeout=10)')

During handling of the above exception, another exception occurred:

Traceback (most recent call last):
  File "/opt/anaconda3/lib/python3.7/site-packages/requests/adapters.py", line 450, in send
    timeout=timeout
  File "/opt/anaconda3/lib/python3.7/site-packages/urllib3/connectionpool.py", line 786, in urlopen
    method, url, error=e, _pool=self, _stacktrace=sys.exc_info()[2]
  File "/opt/anaconda3/lib/python3.7/site-packages/urllib3/util/retry.py", line 592, in increment
    raise MaxRetryError(_pool, url, error or ResponseError(cause))
urllib3.exceptions.MaxRetryError: HTTPSConnectionPool(host='api.wandb.ai', port=443): Max retries exceeded with url: /graphql (Caused by ConnectTimeoutError(<urllib3.connection.HTTPSConnection object at 0x7fdb6acf8fd0>, 'Connection to api.wandb.ai timed out. (connect timeout=10)'))

During handling of the above exception, another exception occurred:

Traceback (most recent call last):
  File "/opt/anaconda3/lib/python3.7/site-packages/wandb/sdk/lib/retry.py", line 102, in __call__
    result = self._call_fn(*args, **kwargs)
  File "/opt/anaconda3/lib/python3.7/site-packages/wandb/sdk/internal/internal_api.py", line 140, in execute
    return self.client.execute(*args, **kwargs)
  File "/opt/anaconda3/lib/python3.7/site-packages/wandb/vendor/gql-0.2.0/wandb_gql/client.py", line 52, in execute
    result = self._get_result(document, *args, **kwargs)
  File "/opt/anaconda3/lib/python3.7/site-packages/wandb/vendor/gql-0.2.0/wandb_gql/client.py", line 60, in _get_result
    return self.transport.execute(document, *args, **kwargs)
  File "/opt/anaconda3/lib/python3.7/site-packages/wandb/vendor/gql-0.2.0/wandb_gql/transport/requests.py", line 38, in execute
    request = requests.post(self.url, **post_args)
  File "/opt/anaconda3/lib/python3.7/site-packages/requests/api.py", line 117, in post
    return request('post', url, data=data, json=json, **kwargs)
  File "/opt/anaconda3/lib/python3.7/site-packages/requests/api.py", line 61, in request
    return session.request(method=method, url=url, **kwargs)
  File "/opt/anaconda3/lib/python3.7/site-packages/requests/sessions.py", line 529, in request
    resp = self.send(prep, **send_kwargs)
  File "/opt/anaconda3/lib/python3.7/site-packages/requests/sessions.py", line 645, in send
    r = adapter.send(request, **kwargs)
  File "/opt/anaconda3/lib/python3.7/site-packages/requests/adapters.py", line 507, in send
    raise ConnectTimeout(e, request=request)
requests.exceptions.ConnectTimeout: HTTPSConnectionPool(host='api.wandb.ai', port=443): Max retries exceeded with url: /graphql (Caused by ConnectTimeoutError(<urllib3.connection.HTTPSConnection object at 0x7fdb6acf8fd0>, 'Connection to api.wandb.ai timed out. (connect timeout=10)'))
2022-03-16 21:50:13,348 INFO    Thread-7  :34165 [dir_watcher.py:_on_file_modified():230] file/dir modified: /Users/wz/IdeaProjects/context-aware-embedding/Resources/code/wandb/run-20220316_214128-18kvy4xr/files/output.log
2022-03-16 21:50:19,436 DEBUG   HandlerThread:34165 [handler.py:handle_request():141] handle_request: stop_status
2022-03-16 21:50:39,443 DEBUG   HandlerThread:34165 [handler.py:handle_request():141] handle_request: stop_status
2022-03-16 21:50:59,452 DEBUG   HandlerThread:34165 [handler.py:handle_request():141] handle_request: stop_status
2022-03-16 21:51:10,524 DEBUG   SenderThread:34165 [sender.py:send_request():249] send_request: stop_status
2022-03-16 21:51:11,598 DEBUG   SenderThread:34165 [sender.py:send_request():249] send_request: stop_status
2022-03-16 21:51:13,049 DEBUG   SenderThread:34165 [sender.py:send_request():249] send_request: stop_status
2022-03-16 21:51:19,453 DEBUG   HandlerThread:34165 [handler.py:handle_request():141] handle_request: stop_status
2022-03-16 21:51:19,457 DEBUG   SenderThread:34165 [sender.py:send_request():249] send_request: stop_status
2022-03-16 21:51:19,905 DEBUG   SenderThread:34165 [sender.py:send_request():249] send_request: stop_status
2022-03-16 21:51:35,356 DEBUG   HandlerThread:34165 [handler.py:handle_request():141] handle_request: stop_status
2022-03-16 21:51:35,356 DEBUG   SenderThread:34165 [sender.py:send_request():249] send_request: stop_status
2022-03-16 21:51:50,753 DEBUG   HandlerThread:34165 [handler.py:handle_request():141] handle_request: stop_status
2022-03-16 21:51:50,754 DEBUG   SenderThread:34165 [sender.py:send_request():249] send_request: stop_status
2022-03-16 21:52:06,210 DEBUG   HandlerThread:34165 [handler.py:handle_request():141] handle_request: stop_status
2022-03-16 21:52:06,210 DEBUG   SenderThread:34165 [sender.py:send_request():249] send_request: stop_status
2022-03-16 21:52:21,633 DEBUG   HandlerThread:34165 [handler.py:handle_request():141] handle_request: stop_status
2022-03-16 21:52:21,633 DEBUG   SenderThread:34165 [sender.py:send_request():249] send_request: stop_status
2022-03-16 21:52:40,089 DEBUG   HandlerThread:34165 [handler.py:handle_request():141] handle_request: stop_status
2022-03-16 21:52:40,090 DEBUG   SenderThread:34165 [sender.py:send_request():249] send_request: stop_status
2022-03-16 21:52:55,522 DEBUG   HandlerThread:34165 [handler.py:handle_request():141] handle_request: stop_status
2022-03-16 21:52:55,522 DEBUG   SenderThread:34165 [sender.py:send_request():249] send_request: stop_status
2022-03-16 21:53:10,963 DEBUG   HandlerThread:34165 [handler.py:handle_request():141] handle_request: stop_status
2022-03-16 21:53:10,964 DEBUG   SenderThread:34165 [sender.py:send_request():249] send_request: stop_status
2022-03-16 21:53:26,574 DEBUG   HandlerThread:34165 [handler.py:handle_request():141] handle_request: stop_status
2022-03-16 21:53:26,574 DEBUG   SenderThread:34165 [sender.py:send_request():249] send_request: stop_status
2022-03-16 21:53:42,033 DEBUG   HandlerThread:34165 [handler.py:handle_request():141] handle_request: stop_status
2022-03-16 21:53:42,033 DEBUG   SenderThread:34165 [sender.py:send_request():249] send_request: stop_status
2022-03-16 21:53:57,750 DEBUG   HandlerThread:34165 [handler.py:handle_request():141] handle_request: stop_status
2022-03-16 21:53:57,750 DEBUG   SenderThread:34165 [sender.py:send_request():249] send_request: stop_status
2022-03-16 21:54:17,752 DEBUG   HandlerThread:34165 [handler.py:handle_request():141] handle_request: stop_status
2022-03-16 21:54:17,752 DEBUG   SenderThread:34165 [sender.py:send_request():249] send_request: stop_status
2022-03-16 21:54:33,156 DEBUG   HandlerThread:34165 [handler.py:handle_request():141] handle_request: stop_status
2022-03-16 21:54:33,156 DEBUG   SenderThread:34165 [sender.py:send_request():249] send_request: stop_status
2022-03-16 21:54:53,173 DEBUG   HandlerThread:34165 [handler.py:handle_request():141] handle_request: stop_status
2022-03-16 21:54:53,174 DEBUG   SenderThread:34165 [sender.py:send_request():249] send_request: stop_status
2022-03-16 21:55:08,563 DEBUG   HandlerThread:34165 [handler.py:handle_request():141] handle_request: stop_status
2022-03-16 21:55:08,563 DEBUG   SenderThread:34165 [sender.py:send_request():249] send_request: stop_status
2022-03-16 21:55:23,903 DEBUG   HandlerThread:34165 [handler.py:handle_request():141] handle_request: stop_status
2022-03-16 21:55:23,904 DEBUG   SenderThread:34165 [sender.py:send_request():249] send_request: stop_status
2022-03-16 21:55:39,227 DEBUG   HandlerThread:34165 [handler.py:handle_request():141] handle_request: stop_status
2022-03-16 21:55:39,227 DEBUG   SenderThread:34165 [sender.py:send_request():249] send_request: stop_status
2022-03-16 21:55:59,239 DEBUG   HandlerThread:34165 [handler.py:handle_request():141] handle_request: stop_status
2022-03-16 21:55:59,239 DEBUG   SenderThread:34165 [sender.py:send_request():249] send_request: stop_status
2022-03-16 21:56:19,251 DEBUG   HandlerThread:34165 [handler.py:handle_request():141] handle_request: stop_status
2022-03-16 21:56:32,514 DEBUG   SenderThread:34165 [sender.py:send_request():249] send_request: stop_status
2022-03-16 21:56:39,253 DEBUG   HandlerThread:34165 [handler.py:handle_request():141] handle_request: stop_status
2022-03-16 21:56:59,254 DEBUG   HandlerThread:34165 [handler.py:handle_request():141] handle_request: stop_status
2022-03-16 21:57:00,823 DEBUG   SenderThread:34165 [sender.py:send_request():249] send_request: stop_status
2022-03-16 21:57:01,190 DEBUG   SenderThread:34165 [sender.py:send_request():249] send_request: stop_status
2022-03-16 21:57:16,467 DEBUG   HandlerThread:34165 [handler.py:handle_request():141] handle_request: stop_status
2022-03-16 21:57:16,467 DEBUG   SenderThread:34165 [sender.py:send_request():249] send_request: stop_status
2022-03-16 21:57:31,967 DEBUG   HandlerThread:34165 [handler.py:handle_request():141] handle_request: stop_status
2022-03-16 21:57:31,967 DEBUG   SenderThread:34165 [sender.py:send_request():249] send_request: stop_status
2022-03-16 21:57:47,236 DEBUG   HandlerThread:34165 [handler.py:handle_request():141] handle_request: stop_status
2022-03-16 21:57:47,236 DEBUG   SenderThread:34165 [sender.py:send_request():249] send_request: stop_status
2022-03-16 21:58:02,511 DEBUG   HandlerThread:34165 [handler.py:handle_request():141] handle_request: stop_status
2022-03-16 21:58:02,511 DEBUG   SenderThread:34165 [sender.py:send_request():249] send_request: stop_status
2022-03-16 21:58:17,789 DEBUG   HandlerThread:34165 [handler.py:handle_request():141] handle_request: stop_status
2022-03-16 21:58:17,789 DEBUG   SenderThread:34165 [sender.py:send_request():249] send_request: stop_status
2022-03-16 21:58:33,084 DEBUG   HandlerThread:34165 [handler.py:handle_request():141] handle_request: stop_status
2022-03-16 21:58:33,085 DEBUG   SenderThread:34165 [sender.py:send_request():249] send_request: stop_status
2022-03-16 21:58:48,368 DEBUG   HandlerThread:34165 [handler.py:handle_request():141] handle_request: stop_status
2022-03-16 21:58:48,368 DEBUG   SenderThread:34165 [sender.py:send_request():249] send_request: stop_status
2022-03-16 21:59:03,748 DEBUG   HandlerThread:34165 [handler.py:handle_request():141] handle_request: stop_status
2022-03-16 21:59:03,748 DEBUG   SenderThread:34165 [sender.py:send_request():249] send_request: stop_status
2022-03-16 21:59:19,135 DEBUG   HandlerThread:34165 [handler.py:handle_request():141] handle_request: stop_status
2022-03-16 21:59:19,135 DEBUG   SenderThread:34165 [sender.py:send_request():249] send_request: stop_status
2022-03-16 21:59:34,431 DEBUG   HandlerThread:34165 [handler.py:handle_request():141] handle_request: stop_status
2022-03-16 21:59:34,431 DEBUG   SenderThread:34165 [sender.py:send_request():249] send_request: stop_status
2022-03-16 21:59:48,693 WARNING FileStreamThread:34165 [file_stream.py:request_with_retry():599] requests_with_retry encountered retryable exception: HTTPSConnectionPool(host='api.wandb.ai', port=443): Read timed out. (read timeout=None). func: <bound method Session.post of <requests.sessions.Session object at 0x7fdb65271ad0>>, args: ('https://api.wandb.ai/files/wz_ryan/gpt2-ctrl/18kvy4xr/file_stream',), kwargs: {'json': {'complete': False, 'failed': False, 'dropped': 0, 'uploaded': []}}
2022-03-16 21:59:49,716 DEBUG   HandlerThread:34165 [handler.py:handle_request():141] handle_request: stop_status
2022-03-16 21:59:49,716 DEBUG   SenderThread:34165 [sender.py:send_request():249] send_request: stop_status
2022-03-16 22:00:05,011 DEBUG   HandlerThread:34165 [handler.py:handle_request():141] handle_request: stop_status
2022-03-16 22:00:05,012 DEBUG   SenderThread:34165 [sender.py:send_request():249] send_request: stop_status
2022-03-16 22:00:20,512 DEBUG   HandlerThread:34165 [handler.py:handle_request():141] handle_request: stop_status
2022-03-16 22:00:20,512 DEBUG   SenderThread:34165 [sender.py:send_request():249] send_request: stop_status
2022-03-16 22:00:35,900 DEBUG   HandlerThread:34165 [handler.py:handle_request():141] handle_request: stop_status
2022-03-16 22:00:35,901 DEBUG   SenderThread:34165 [sender.py:send_request():249] send_request: stop_status
2022-03-16 22:00:51,190 DEBUG   HandlerThread:34165 [handler.py:handle_request():141] handle_request: stop_status
2022-03-16 22:00:51,190 DEBUG   SenderThread:34165 [sender.py:send_request():249] send_request: stop_status
2022-03-16 22:01:06,481 DEBUG   HandlerThread:34165 [handler.py:handle_request():141] handle_request: stop_status
2022-03-16 22:01:06,481 DEBUG   SenderThread:34165 [sender.py:send_request():249] send_request: stop_status
2022-03-16 22:01:21,769 DEBUG   HandlerThread:34165 [handler.py:handle_request():141] handle_request: stop_status
2022-03-16 22:01:21,769 DEBUG   SenderThread:34165 [sender.py:send_request():249] send_request: stop_status
2022-03-16 22:01:37,045 DEBUG   HandlerThread:34165 [handler.py:handle_request():141] handle_request: stop_status
2022-03-16 22:01:37,045 DEBUG   SenderThread:34165 [sender.py:send_request():249] send_request: stop_status
2022-03-16 22:01:52,330 DEBUG   HandlerThread:34165 [handler.py:handle_request():141] handle_request: stop_status
2022-03-16 22:01:52,330 DEBUG   SenderThread:34165 [sender.py:send_request():249] send_request: stop_status
2022-03-16 22:02:07,614 DEBUG   HandlerThread:34165 [handler.py:handle_request():141] handle_request: stop_status
2022-03-16 22:02:07,615 DEBUG   SenderThread:34165 [sender.py:send_request():249] send_request: stop_status
2022-03-16 22:02:22,900 DEBUG   HandlerThread:34165 [handler.py:handle_request():141] handle_request: stop_status
2022-03-16 22:02:22,900 DEBUG   SenderThread:34165 [sender.py:send_request():249] send_request: stop_status
2022-03-16 22:02:38,184 DEBUG   HandlerThread:34165 [handler.py:handle_request():141] handle_request: stop_status
2022-03-16 22:02:38,185 DEBUG   SenderThread:34165 [sender.py:send_request():249] send_request: stop_status
2022-03-16 22:02:53,470 DEBUG   HandlerThread:34165 [handler.py:handle_request():141] handle_request: stop_status
2022-03-16 22:02:53,470 DEBUG   SenderThread:34165 [sender.py:send_request():249] send_request: stop_status
2022-03-16 22:03:08,759 DEBUG   HandlerThread:34165 [handler.py:handle_request():141] handle_request: stop_status
2022-03-16 22:03:08,760 DEBUG   SenderThread:34165 [sender.py:send_request():249] send_request: stop_status
2022-03-16 22:03:24,146 DEBUG   HandlerThread:34165 [handler.py:handle_request():141] handle_request: stop_status
2022-03-16 22:03:24,146 DEBUG   SenderThread:34165 [sender.py:send_request():249] send_request: stop_status
2022-03-16 22:03:39,649 DEBUG   HandlerThread:34165 [handler.py:handle_request():141] handle_request: stop_status
2022-03-16 22:03:39,650 DEBUG   SenderThread:34165 [sender.py:send_request():249] send_request: stop_status
2022-03-16 22:03:54,952 DEBUG   HandlerThread:34165 [handler.py:handle_request():141] handle_request: stop_status
2022-03-16 22:03:54,952 DEBUG   SenderThread:34165 [sender.py:send_request():249] send_request: stop_status
2022-03-16 22:04:10,231 DEBUG   HandlerThread:34165 [handler.py:handle_request():141] handle_request: stop_status
2022-03-16 22:04:10,231 DEBUG   SenderThread:34165 [sender.py:send_request():249] send_request: stop_status
2022-03-16 22:04:25,629 DEBUG   HandlerThread:34165 [handler.py:handle_request():141] handle_request: stop_status
2022-03-16 22:04:25,629 DEBUG   SenderThread:34165 [sender.py:send_request():249] send_request: stop_status
2022-03-16 22:04:40,927 DEBUG   HandlerThread:34165 [handler.py:handle_request():141] handle_request: stop_status
2022-03-16 22:04:40,928 DEBUG   SenderThread:34165 [sender.py:send_request():249] send_request: stop_status
2022-03-16 22:04:56,218 DEBUG   HandlerThread:34165 [handler.py:handle_request():141] handle_request: stop_status
2022-03-16 22:04:56,218 DEBUG   SenderThread:34165 [sender.py:send_request():249] send_request: stop_status
2022-03-16 22:05:11,505 DEBUG   HandlerThread:34165 [handler.py:handle_request():141] handle_request: stop_status
2022-03-16 22:05:11,506 DEBUG   SenderThread:34165 [sender.py:send_request():249] send_request: stop_status
2022-03-16 22:05:26,799 DEBUG   HandlerThread:34165 [handler.py:handle_request():141] handle_request: stop_status
2022-03-16 22:05:26,799 DEBUG   SenderThread:34165 [sender.py:send_request():249] send_request: stop_status
2022-03-16 22:05:42,183 DEBUG   HandlerThread:34165 [handler.py:handle_request():141] handle_request: stop_status
2022-03-16 22:05:42,183 DEBUG   SenderThread:34165 [sender.py:send_request():249] send_request: stop_status
2022-03-16 22:05:57,493 DEBUG   HandlerThread:34165 [handler.py:handle_request():141] handle_request: stop_status
2022-03-16 22:05:57,493 DEBUG   SenderThread:34165 [sender.py:send_request():249] send_request: stop_status
2022-03-16 22:06:12,870 DEBUG   HandlerThread:34165 [handler.py:handle_request():141] handle_request: stop_status
2022-03-16 22:06:12,870 DEBUG   SenderThread:34165 [sender.py:send_request():249] send_request: stop_status
2022-03-16 22:06:28,147 DEBUG   HandlerThread:34165 [handler.py:handle_request():141] handle_request: stop_status
2022-03-16 22:06:28,147 DEBUG   SenderThread:34165 [sender.py:send_request():249] send_request: stop_status
2022-03-16 22:06:43,563 DEBUG   HandlerThread:34165 [handler.py:handle_request():141] handle_request: stop_status
2022-03-16 22:06:43,563 DEBUG   SenderThread:34165 [sender.py:send_request():249] send_request: stop_status
2022-03-16 22:06:58,861 DEBUG   HandlerThread:34165 [handler.py:handle_request():141] handle_request: stop_status
2022-03-16 22:06:58,861 DEBUG   SenderThread:34165 [sender.py:send_request():249] send_request: stop_status
2022-03-16 22:07:14,148 DEBUG   HandlerThread:34165 [handler.py:handle_request():141] handle_request: stop_status
2022-03-16 22:07:14,148 DEBUG   SenderThread:34165 [sender.py:send_request():249] send_request: stop_status
2022-03-16 22:07:29,459 DEBUG   HandlerThread:34165 [handler.py:handle_request():141] handle_request: stop_status
2022-03-16 22:07:29,459 DEBUG   SenderThread:34165 [sender.py:send_request():249] send_request: stop_status
2022-03-16 22:07:44,778 DEBUG   HandlerThread:34165 [handler.py:handle_request():141] handle_request: stop_status
2022-03-16 22:07:44,778 DEBUG   SenderThread:34165 [sender.py:send_request():249] send_request: stop_status
2022-03-16 22:08:00,071 DEBUG   HandlerThread:34165 [handler.py:handle_request():141] handle_request: stop_status
2022-03-16 22:08:00,071 DEBUG   SenderThread:34165 [sender.py:send_request():249] send_request: stop_status
2022-03-16 22:08:15,356 DEBUG   HandlerThread:34165 [handler.py:handle_request():141] handle_request: stop_status
2022-03-16 22:08:15,356 DEBUG   SenderThread:34165 [sender.py:send_request():249] send_request: stop_status
2022-03-16 22:08:30,639 DEBUG   HandlerThread:34165 [handler.py:handle_request():141] handle_request: stop_status
2022-03-16 22:08:30,640 DEBUG   SenderThread:34165 [sender.py:send_request():249] send_request: stop_status
2022-03-16 22:08:45,917 DEBUG   HandlerThread:34165 [handler.py:handle_request():141] handle_request: stop_status
2022-03-16 22:08:45,917 DEBUG   SenderThread:34165 [sender.py:send_request():249] send_request: stop_status
2022-03-16 22:09:01,200 DEBUG   HandlerThread:34165 [handler.py:handle_request():141] handle_request: stop_status
2022-03-16 22:09:01,200 DEBUG   SenderThread:34165 [sender.py:send_request():249] send_request: stop_status
2022-03-16 22:09:16,503 DEBUG   HandlerThread:34165 [handler.py:handle_request():141] handle_request: stop_status
2022-03-16 22:09:16,503 DEBUG   SenderThread:34165 [sender.py:send_request():249] send_request: stop_status
2022-03-16 22:09:31,912 DEBUG   HandlerThread:34165 [handler.py:handle_request():141] handle_request: stop_status
2022-03-16 22:09:31,912 DEBUG   SenderThread:34165 [sender.py:send_request():249] send_request: stop_status
2022-03-16 22:09:47,201 DEBUG   HandlerThread:34165 [handler.py:handle_request():141] handle_request: stop_status
2022-03-16 22:09:47,201 DEBUG   SenderThread:34165 [sender.py:send_request():249] send_request: stop_status
2022-03-16 22:10:02,488 DEBUG   HandlerThread:34165 [handler.py:handle_request():141] handle_request: stop_status
2022-03-16 22:10:02,488 DEBUG   SenderThread:34165 [sender.py:send_request():249] send_request: stop_status
2022-03-16 22:10:17,780 DEBUG   HandlerThread:34165 [handler.py:handle_request():141] handle_request: stop_status
2022-03-16 22:10:17,781 DEBUG   SenderThread:34165 [sender.py:send_request():249] send_request: stop_status
2022-03-16 22:10:33,065 DEBUG   HandlerThread:34165 [handler.py:handle_request():141] handle_request: stop_status
2022-03-16 22:10:33,065 DEBUG   SenderThread:34165 [sender.py:send_request():249] send_request: stop_status
2022-03-16 22:10:48,647 DEBUG   HandlerThread:34165 [handler.py:handle_request():141] handle_request: stop_status
2022-03-16 22:10:48,648 DEBUG   SenderThread:34165 [sender.py:send_request():249] send_request: stop_status
2022-03-16 22:11:03,926 DEBUG   HandlerThread:34165 [handler.py:handle_request():141] handle_request: stop_status
2022-03-16 22:11:03,927 DEBUG   SenderThread:34165 [sender.py:send_request():249] send_request: stop_status
2022-03-16 22:11:19,207 DEBUG   HandlerThread:34165 [handler.py:handle_request():141] handle_request: stop_status
2022-03-16 22:11:19,208 DEBUG   SenderThread:34165 [sender.py:send_request():249] send_request: stop_status
2022-03-16 22:11:34,497 DEBUG   HandlerThread:34165 [handler.py:handle_request():141] handle_request: stop_status
2022-03-16 22:11:34,497 DEBUG   SenderThread:34165 [sender.py:send_request():249] send_request: stop_status
2022-03-16 22:11:49,876 DEBUG   HandlerThread:34165 [handler.py:handle_request():141] handle_request: stop_status
2022-03-16 22:11:49,876 DEBUG   SenderThread:34165 [sender.py:send_request():249] send_request: stop_status
2022-03-16 22:12:05,165 DEBUG   HandlerThread:34165 [handler.py:handle_request():141] handle_request: stop_status
2022-03-16 22:12:05,165 DEBUG   SenderThread:34165 [sender.py:send_request():249] send_request: stop_status
2022-03-16 22:12:20,453 DEBUG   HandlerThread:34165 [handler.py:handle_request():141] handle_request: stop_status
2022-03-16 22:12:20,454 DEBUG   SenderThread:34165 [sender.py:send_request():249] send_request: stop_status
2022-03-16 22:12:35,749 DEBUG   HandlerThread:34165 [handler.py:handle_request():141] handle_request: stop_status
2022-03-16 22:12:35,749 DEBUG   SenderThread:34165 [sender.py:send_request():249] send_request: stop_status
2022-03-16 22:12:51,045 DEBUG   HandlerThread:34165 [handler.py:handle_request():141] handle_request: stop_status
2022-03-16 22:12:51,045 DEBUG   SenderThread:34165 [sender.py:send_request():249] send_request: stop_status
2022-03-16 22:13:06,385 DEBUG   HandlerThread:34165 [handler.py:handle_request():141] handle_request: stop_status
2022-03-16 22:13:06,385 DEBUG   SenderThread:34165 [sender.py:send_request():249] send_request: stop_status
2022-03-16 22:13:21,676 DEBUG   HandlerThread:34165 [handler.py:handle_request():141] handle_request: stop_status
2022-03-16 22:13:21,676 DEBUG   SenderThread:34165 [sender.py:send_request():249] send_request: stop_status
2022-03-16 22:13:36,966 DEBUG   HandlerThread:34165 [handler.py:handle_request():141] handle_request: stop_status
2022-03-16 22:13:36,967 DEBUG   SenderThread:34165 [sender.py:send_request():249] send_request: stop_status
2022-03-16 22:13:52,264 DEBUG   HandlerThread:34165 [handler.py:handle_request():141] handle_request: stop_status
2022-03-16 22:13:52,265 DEBUG   SenderThread:34165 [sender.py:send_request():249] send_request: stop_status
2022-03-16 22:14:07,820 DEBUG   HandlerThread:34165 [handler.py:handle_request():141] handle_request: stop_status
2022-03-16 22:14:07,820 DEBUG   SenderThread:34165 [sender.py:send_request():249] send_request: stop_status
2022-03-16 22:14:23,112 DEBUG   HandlerThread:34165 [handler.py:handle_request():141] handle_request: stop_status
2022-03-16 22:14:23,112 DEBUG   SenderThread:34165 [sender.py:send_request():249] send_request: stop_status
2022-03-16 22:14:39,227 DEBUG   HandlerThread:34165 [handler.py:handle_request():141] handle_request: stop_status
2022-03-16 22:14:39,227 DEBUG   SenderThread:34165 [sender.py:send_request():249] send_request: stop_status
2022-03-16 22:14:54,621 DEBUG   HandlerThread:34165 [handler.py:handle_request():141] handle_request: stop_status
2022-03-16 22:14:54,621 DEBUG   SenderThread:34165 [sender.py:send_request():249] send_request: stop_status
2022-03-16 22:15:09,906 DEBUG   HandlerThread:34165 [handler.py:handle_request():141] handle_request: stop_status
2022-03-16 22:15:09,906 DEBUG   SenderThread:34165 [sender.py:send_request():249] send_request: stop_status
2022-03-16 22:15:25,191 DEBUG   HandlerThread:34165 [handler.py:handle_request():141] handle_request: stop_status
2022-03-16 22:15:25,191 DEBUG   SenderThread:34165 [sender.py:send_request():249] send_request: stop_status
2022-03-16 22:15:40,589 DEBUG   HandlerThread:34165 [handler.py:handle_request():141] handle_request: stop_status
2022-03-16 22:15:40,590 DEBUG   SenderThread:34165 [sender.py:send_request():249] send_request: stop_status
2022-03-16 22:16:00,609 DEBUG   HandlerThread:34165 [handler.py:handle_request():141] handle_request: stop_status
2022-03-16 22:16:20,613 DEBUG   HandlerThread:34165 [handler.py:handle_request():141] handle_request: stop_status
2022-03-16 22:16:40,633 DEBUG   HandlerThread:34165 [handler.py:handle_request():141] handle_request: stop_status
2022-03-16 22:17:00,645 DEBUG   HandlerThread:34165 [handler.py:handle_request():141] handle_request: stop_status
2022-03-16 22:17:20,653 DEBUG   HandlerThread:34165 [handler.py:handle_request():141] handle_request: stop_status
2022-03-16 22:17:40,667 DEBUG   HandlerThread:34165 [handler.py:handle_request():141] handle_request: stop_status
2022-03-16 22:18:00,682 DEBUG   HandlerThread:34165 [handler.py:handle_request():141] handle_request: stop_status
2022-03-16 22:18:20,697 DEBUG   HandlerThread:34165 [handler.py:handle_request():141] handle_request: stop_status
2022-03-16 22:18:40,708 DEBUG   HandlerThread:34165 [handler.py:handle_request():141] handle_request: stop_status
2022-03-16 22:18:43,996 ERROR   SenderThread:34165 [retry.py:__call__():126] Retry attempt failed:
Traceback (most recent call last):
  File "/opt/anaconda3/lib/python3.7/site-packages/urllib3/connection.py", line 175, in _new_conn
    (self._dns_host, self.port), self.timeout, **extra_kw
  File "/opt/anaconda3/lib/python3.7/site-packages/urllib3/util/connection.py", line 72, in create_connection
    for res in socket.getaddrinfo(host, port, family, socket.SOCK_STREAM):
  File "/opt/anaconda3/lib/python3.7/socket.py", line 752, in getaddrinfo
    for res in _socket.getaddrinfo(host, port, family, type, proto, flags):
socket.gaierror: [Errno 8] nodename nor servname provided, or not known

During handling of the above exception, another exception occurred:

Traceback (most recent call last):
  File "/opt/anaconda3/lib/python3.7/site-packages/urllib3/connectionpool.py", line 710, in urlopen
    chunked=chunked,
  File "/opt/anaconda3/lib/python3.7/site-packages/urllib3/connectionpool.py", line 386, in _make_request
    self._validate_conn(conn)
  File "/opt/anaconda3/lib/python3.7/site-packages/urllib3/connectionpool.py", line 1040, in _validate_conn
    conn.connect()
  File "/opt/anaconda3/lib/python3.7/site-packages/urllib3/connection.py", line 358, in connect
    conn = self._new_conn()
  File "/opt/anaconda3/lib/python3.7/site-packages/urllib3/connection.py", line 187, in _new_conn
    self, "Failed to establish a new connection: %s" % e
urllib3.exceptions.NewConnectionError: <urllib3.connection.HTTPSConnection object at 0x7fdb627eb1d0>: Failed to establish a new connection: [Errno 8] nodename nor servname provided, or not known

During handling of the above exception, another exception occurred:

Traceback (most recent call last):
  File "/opt/anaconda3/lib/python3.7/site-packages/requests/adapters.py", line 450, in send
    timeout=timeout
  File "/opt/anaconda3/lib/python3.7/site-packages/urllib3/connectionpool.py", line 786, in urlopen
    method, url, error=e, _pool=self, _stacktrace=sys.exc_info()[2]
  File "/opt/anaconda3/lib/python3.7/site-packages/urllib3/util/retry.py", line 592, in increment
    raise MaxRetryError(_pool, url, error or ResponseError(cause))
urllib3.exceptions.MaxRetryError: HTTPSConnectionPool(host='api.wandb.ai', port=443): Max retries exceeded with url: /graphql (Caused by NewConnectionError('<urllib3.connection.HTTPSConnection object at 0x7fdb627eb1d0>: Failed to establish a new connection: [Errno 8] nodename nor servname provided, or not known'))

During handling of the above exception, another exception occurred:

Traceback (most recent call last):
  File "/opt/anaconda3/lib/python3.7/site-packages/wandb/sdk/lib/retry.py", line 102, in __call__
    result = self._call_fn(*args, **kwargs)
  File "/opt/anaconda3/lib/python3.7/site-packages/wandb/sdk/internal/internal_api.py", line 140, in execute
    return self.client.execute(*args, **kwargs)
  File "/opt/anaconda3/lib/python3.7/site-packages/wandb/vendor/gql-0.2.0/wandb_gql/client.py", line 52, in execute
    result = self._get_result(document, *args, **kwargs)
  File "/opt/anaconda3/lib/python3.7/site-packages/wandb/vendor/gql-0.2.0/wandb_gql/client.py", line 60, in _get_result
    return self.transport.execute(document, *args, **kwargs)
  File "/opt/anaconda3/lib/python3.7/site-packages/wandb/vendor/gql-0.2.0/wandb_gql/transport/requests.py", line 38, in execute
    request = requests.post(self.url, **post_args)
  File "/opt/anaconda3/lib/python3.7/site-packages/requests/api.py", line 117, in post
    return request('post', url, data=data, json=json, **kwargs)
  File "/opt/anaconda3/lib/python3.7/site-packages/requests/api.py", line 61, in request
    return session.request(method=method, url=url, **kwargs)
  File "/opt/anaconda3/lib/python3.7/site-packages/requests/sessions.py", line 529, in request
    resp = self.send(prep, **send_kwargs)
  File "/opt/anaconda3/lib/python3.7/site-packages/requests/sessions.py", line 645, in send
    r = adapter.send(request, **kwargs)
  File "/opt/anaconda3/lib/python3.7/site-packages/requests/adapters.py", line 519, in send
    raise ConnectionError(e, request=request)
requests.exceptions.ConnectionError: HTTPSConnectionPool(host='api.wandb.ai', port=443): Max retries exceeded with url: /graphql (Caused by NewConnectionError('<urllib3.connection.HTTPSConnection object at 0x7fdb627eb1d0>: Failed to establish a new connection: [Errno 8] nodename nor servname provided, or not known'))
2022-03-16 22:18:44,726 INFO    Thread-7  :34165 [dir_watcher.py:_on_file_modified():230] file/dir modified: /Users/wz/IdeaProjects/context-aware-embedding/Resources/code/wandb/run-20220316_214128-18kvy4xr/files/output.log
2022-03-16 22:19:00,718 DEBUG   HandlerThread:34165 [handler.py:handle_request():141] handle_request: stop_status
2022-03-16 22:19:20,727 DEBUG   HandlerThread:34165 [handler.py:handle_request():141] handle_request: stop_status
2022-03-16 22:19:40,734 DEBUG   HandlerThread:34165 [handler.py:handle_request():141] handle_request: stop_status
2022-03-16 22:20:00,752 DEBUG   HandlerThread:34165 [handler.py:handle_request():141] handle_request: stop_status
2022-03-16 22:20:20,765 DEBUG   HandlerThread:34165 [handler.py:handle_request():141] handle_request: stop_status
2022-03-16 22:20:40,779 DEBUG   HandlerThread:34165 [handler.py:handle_request():141] handle_request: stop_status
2022-03-16 22:21:00,789 DEBUG   HandlerThread:34165 [handler.py:handle_request():141] handle_request: stop_status
2022-03-16 22:21:20,807 DEBUG   HandlerThread:34165 [handler.py:handle_request():141] handle_request: stop_status
2022-03-16 22:21:40,824 DEBUG   HandlerThread:34165 [handler.py:handle_request():141] handle_request: stop_status
2022-03-16 22:22:00,839 DEBUG   HandlerThread:34165 [handler.py:handle_request():141] handle_request: stop_status
2022-03-16 22:22:20,858 DEBUG   HandlerThread:34165 [handler.py:handle_request():141] handle_request: stop_status
2022-03-16 22:22:40,872 DEBUG   HandlerThread:34165 [handler.py:handle_request():141] handle_request: stop_status
2022-03-16 22:23:00,894 DEBUG   HandlerThread:34165 [handler.py:handle_request():141] handle_request: stop_status
2022-03-16 22:23:20,907 DEBUG   HandlerThread:34165 [handler.py:handle_request():141] handle_request: stop_status
2022-03-16 22:23:40,916 DEBUG   HandlerThread:34165 [handler.py:handle_request():141] handle_request: stop_status
2022-03-16 22:24:00,927 DEBUG   HandlerThread:34165 [handler.py:handle_request():141] handle_request: stop_status
2022-03-16 22:24:20,936 DEBUG   HandlerThread:34165 [handler.py:handle_request():141] handle_request: stop_status
2022-03-16 22:24:40,944 DEBUG   HandlerThread:34165 [handler.py:handle_request():141] handle_request: stop_status
2022-03-16 22:25:00,955 DEBUG   HandlerThread:34165 [handler.py:handle_request():141] handle_request: stop_status
2022-03-16 22:25:20,963 DEBUG   HandlerThread:34165 [handler.py:handle_request():141] handle_request: stop_status
2022-03-16 22:25:40,975 DEBUG   HandlerThread:34165 [handler.py:handle_request():141] handle_request: stop_status
2022-03-16 22:26:00,987 DEBUG   HandlerThread:34165 [handler.py:handle_request():141] handle_request: stop_status
2022-03-16 22:26:21,003 DEBUG   HandlerThread:34165 [handler.py:handle_request():141] handle_request: stop_status
2022-03-16 22:26:41,020 DEBUG   HandlerThread:34165 [handler.py:handle_request():141] handle_request: stop_status
2022-03-16 22:27:01,037 DEBUG   HandlerThread:34165 [handler.py:handle_request():141] handle_request: stop_status
2022-03-16 22:27:21,047 DEBUG   HandlerThread:34165 [handler.py:handle_request():141] handle_request: stop_status
2022-03-16 22:27:41,055 DEBUG   HandlerThread:34165 [handler.py:handle_request():141] handle_request: stop_status
2022-03-16 22:28:01,065 DEBUG   HandlerThread:34165 [handler.py:handle_request():141] handle_request: stop_status
2022-03-16 22:28:21,081 DEBUG   HandlerThread:34165 [handler.py:handle_request():141] handle_request: stop_status
2022-03-16 22:28:34,659 DEBUG   SenderThread:34165 [sender.py:send_request():249] send_request: stop_status
2022-03-16 22:28:34,930 DEBUG   SenderThread:34165 [sender.py:send_request():249] send_request: stop_status
2022-03-16 22:28:35,218 DEBUG   SenderThread:34165 [sender.py:send_request():249] send_request: stop_status
2022-03-16 22:28:35,492 DEBUG   SenderThread:34165 [sender.py:send_request():249] send_request: stop_status
2022-03-16 22:28:35,758 DEBUG   SenderThread:34165 [sender.py:send_request():249] send_request: stop_status
2022-03-16 22:28:36,122 DEBUG   SenderThread:34165 [sender.py:send_request():249] send_request: stop_status
2022-03-16 22:28:36,393 DEBUG   SenderThread:34165 [sender.py:send_request():249] send_request: stop_status
2022-03-16 22:28:36,663 DEBUG   SenderThread:34165 [sender.py:send_request():249] send_request: stop_status
2022-03-16 22:28:37,125 DEBUG   SenderThread:34165 [sender.py:send_request():249] send_request: stop_status
2022-03-16 22:28:37,397 DEBUG   SenderThread:34165 [sender.py:send_request():249] send_request: stop_status
2022-03-16 22:28:37,664 DEBUG   SenderThread:34165 [sender.py:send_request():249] send_request: stop_status
2022-03-16 22:28:37,928 DEBUG   SenderThread:34165 [sender.py:send_request():249] send_request: stop_status
2022-03-16 22:28:38,202 DEBUG   SenderThread:34165 [sender.py:send_request():249] send_request: stop_status
2022-03-16 22:28:38,476 DEBUG   SenderThread:34165 [sender.py:send_request():249] send_request: stop_status
2022-03-16 22:28:38,743 DEBUG   SenderThread:34165 [sender.py:send_request():249] send_request: stop_status
2022-03-16 22:28:39,016 DEBUG   SenderThread:34165 [sender.py:send_request():249] send_request: stop_status
2022-03-16 22:28:39,280 DEBUG   SenderThread:34165 [sender.py:send_request():249] send_request: stop_status
2022-03-16 22:28:39,551 DEBUG   SenderThread:34165 [sender.py:send_request():249] send_request: stop_status
2022-03-16 22:28:39,957 DEBUG   SenderThread:34165 [sender.py:send_request():249] send_request: stop_status
2022-03-16 22:28:40,227 DEBUG   SenderThread:34165 [sender.py:send_request():249] send_request: stop_status
2022-03-16 22:28:40,495 DEBUG   SenderThread:34165 [sender.py:send_request():249] send_request: stop_status
2022-03-16 22:28:40,768 DEBUG   SenderThread:34165 [sender.py:send_request():249] send_request: stop_status
2022-03-16 22:28:41,014 DEBUG   HandlerThread:34165 [handler.py:handle_request():141] handle_request: stop_status
2022-03-16 22:28:41,039 DEBUG   SenderThread:34165 [sender.py:send_request():249] send_request: stop_status
2022-03-16 22:28:41,312 DEBUG   SenderThread:34165 [sender.py:send_request():249] send_request: stop_status
2022-03-16 22:28:41,607 DEBUG   SenderThread:34165 [sender.py:send_request():249] send_request: stop_status
2022-03-16 22:28:41,875 DEBUG   SenderThread:34165 [sender.py:send_request():249] send_request: stop_status
2022-03-16 22:28:42,143 DEBUG   SenderThread:34165 [sender.py:send_request():249] send_request: stop_status
2022-03-16 22:28:42,422 DEBUG   SenderThread:34165 [sender.py:send_request():249] send_request: stop_status
2022-03-16 22:28:42,794 DEBUG   SenderThread:34165 [sender.py:send_request():249] send_request: stop_status
2022-03-16 22:28:43,064 DEBUG   SenderThread:34165 [sender.py:send_request():249] send_request: stop_status
2022-03-16 22:28:43,473 DEBUG   SenderThread:34165 [sender.py:send_request():249] send_request: stop_status
2022-03-16 22:28:43,746 DEBUG   SenderThread:34165 [sender.py:send_request():249] send_request: stop_status
2022-03-16 22:28:44,019 DEBUG   SenderThread:34165 [sender.py:send_request():249] send_request: stop_status
2022-03-16 22:28:44,277 DEBUG   SenderThread:34165 [sender.py:send_request():249] send_request: stop_status
2022-03-16 22:28:44,542 DEBUG   SenderThread:34165 [sender.py:send_request():249] send_request: stop_status
2022-03-16 22:28:44,813 DEBUG   SenderThread:34165 [sender.py:send_request():249] send_request: stop_status
2022-03-16 22:28:45,077 DEBUG   SenderThread:34165 [sender.py:send_request():249] send_request: stop_status
2022-03-16 22:28:45,349 DEBUG   SenderThread:34165 [sender.py:send_request():249] send_request: stop_status
2022-03-16 22:28:45,618 DEBUG   SenderThread:34165 [sender.py:send_request():249] send_request: stop_status
2022-03-16 22:29:00,905 DEBUG   HandlerThread:34165 [handler.py:handle_request():141] handle_request: stop_status
2022-03-16 22:29:00,906 DEBUG   SenderThread:34165 [sender.py:send_request():249] send_request: stop_status
2022-03-16 22:29:16,188 DEBUG   HandlerThread:34165 [handler.py:handle_request():141] handle_request: stop_status
2022-03-16 22:29:16,188 DEBUG   SenderThread:34165 [sender.py:send_request():249] send_request: stop_status
2022-03-16 22:29:31,455 DEBUG   HandlerThread:34165 [handler.py:handle_request():141] handle_request: stop_status
2022-03-16 22:29:31,455 DEBUG   SenderThread:34165 [sender.py:send_request():249] send_request: stop_status
2022-03-16 22:29:46,749 DEBUG   HandlerThread:34165 [handler.py:handle_request():141] handle_request: stop_status
2022-03-16 22:29:46,749 DEBUG   SenderThread:34165 [sender.py:send_request():249] send_request: stop_status
2022-03-16 22:30:02,026 DEBUG   HandlerThread:34165 [handler.py:handle_request():141] handle_request: stop_status
2022-03-16 22:30:02,026 DEBUG   SenderThread:34165 [sender.py:send_request():249] send_request: stop_status
2022-03-16 22:30:17,312 DEBUG   HandlerThread:34165 [handler.py:handle_request():141] handle_request: stop_status
2022-03-16 22:30:17,312 DEBUG   SenderThread:34165 [sender.py:send_request():249] send_request: stop_status
2022-03-16 22:30:32,593 DEBUG   HandlerThread:34165 [handler.py:handle_request():141] handle_request: stop_status
2022-03-16 22:30:32,593 DEBUG   SenderThread:34165 [sender.py:send_request():249] send_request: stop_status
2022-03-16 22:30:47,994 DEBUG   HandlerThread:34165 [handler.py:handle_request():141] handle_request: stop_status
2022-03-16 22:30:47,995 DEBUG   SenderThread:34165 [sender.py:send_request():249] send_request: stop_status
2022-03-16 22:31:03,377 DEBUG   HandlerThread:34165 [handler.py:handle_request():141] handle_request: stop_status
2022-03-16 22:31:03,377 DEBUG   SenderThread:34165 [sender.py:send_request():249] send_request: stop_status
2022-03-16 22:31:18,661 DEBUG   HandlerThread:34165 [handler.py:handle_request():141] handle_request: stop_status
2022-03-16 22:31:18,661 DEBUG   SenderThread:34165 [sender.py:send_request():249] send_request: stop_status
2022-03-16 22:31:33,950 DEBUG   HandlerThread:34165 [handler.py:handle_request():141] handle_request: stop_status
2022-03-16 22:31:33,951 DEBUG   SenderThread:34165 [sender.py:send_request():249] send_request: stop_status
2022-03-16 22:31:49,238 DEBUG   HandlerThread:34165 [handler.py:handle_request():141] handle_request: stop_status
2022-03-16 22:31:49,238 DEBUG   SenderThread:34165 [sender.py:send_request():249] send_request: stop_status
2022-03-16 22:32:04,523 DEBUG   HandlerThread:34165 [handler.py:handle_request():141] handle_request: stop_status
2022-03-16 22:32:04,523 DEBUG   SenderThread:34165 [sender.py:send_request():249] send_request: stop_status
2022-03-16 22:32:19,808 DEBUG   HandlerThread:34165 [handler.py:handle_request():141] handle_request: stop_status
2022-03-16 22:32:19,808 DEBUG   SenderThread:34165 [sender.py:send_request():249] send_request: stop_status
2022-03-16 22:32:35,088 DEBUG   HandlerThread:34165 [handler.py:handle_request():141] handle_request: stop_status
2022-03-16 22:32:35,089 DEBUG   SenderThread:34165 [sender.py:send_request():249] send_request: stop_status
2022-03-16 22:32:50,377 DEBUG   HandlerThread:34165 [handler.py:handle_request():141] handle_request: stop_status
2022-03-16 22:32:50,377 DEBUG   SenderThread:34165 [sender.py:send_request():249] send_request: stop_status
2022-03-16 22:33:05,662 DEBUG   HandlerThread:34165 [handler.py:handle_request():141] handle_request: stop_status
2022-03-16 22:33:05,662 DEBUG   SenderThread:34165 [sender.py:send_request():249] send_request: stop_status
2022-03-16 22:33:20,955 DEBUG   HandlerThread:34165 [handler.py:handle_request():141] handle_request: stop_status
2022-03-16 22:33:20,955 DEBUG   SenderThread:34165 [sender.py:send_request():249] send_request: stop_status
2022-03-16 22:33:36,240 DEBUG   HandlerThread:34165 [handler.py:handle_request():141] handle_request: stop_status
2022-03-16 22:33:36,241 DEBUG   SenderThread:34165 [sender.py:send_request():249] send_request: stop_status
2022-03-16 22:33:51,537 DEBUG   HandlerThread:34165 [handler.py:handle_request():141] handle_request: stop_status
2022-03-16 22:33:51,537 DEBUG   SenderThread:34165 [sender.py:send_request():249] send_request: stop_status
2022-03-16 22:34:06,922 DEBUG   HandlerThread:34165 [handler.py:handle_request():141] handle_request: stop_status
2022-03-16 22:34:06,922 DEBUG   SenderThread:34165 [sender.py:send_request():249] send_request: stop_status
2022-03-16 22:34:22,297 DEBUG   HandlerThread:34165 [handler.py:handle_request():141] handle_request: stop_status
2022-03-16 22:34:22,297 DEBUG   SenderThread:34165 [sender.py:send_request():249] send_request: stop_status
2022-03-16 22:34:42,308 DEBUG   HandlerThread:34165 [handler.py:handle_request():141] handle_request: stop_status
2022-03-16 22:35:02,317 DEBUG   HandlerThread:34165 [handler.py:handle_request():141] handle_request: stop_status
2022-03-16 22:35:22,330 DEBUG   HandlerThread:34165 [handler.py:handle_request():141] handle_request: stop_status
2022-03-16 22:35:42,348 DEBUG   HandlerThread:34165 [handler.py:handle_request():141] handle_request: stop_status
2022-03-16 22:36:02,356 DEBUG   HandlerThread:34165 [handler.py:handle_request():141] handle_request: stop_status
2022-03-16 22:36:22,369 DEBUG   HandlerThread:34165 [handler.py:handle_request():141] handle_request: stop_status
2022-03-16 22:36:42,380 DEBUG   HandlerThread:34165 [handler.py:handle_request():141] handle_request: stop_status
2022-03-16 22:37:02,398 DEBUG   HandlerThread:34165 [handler.py:handle_request():141] handle_request: stop_status
2022-03-16 22:37:22,410 DEBUG   HandlerThread:34165 [handler.py:handle_request():141] handle_request: stop_status
2022-03-16 22:37:25,828 ERROR   SenderThread:34165 [retry.py:__call__():126] Retry attempt failed:
Traceback (most recent call last):
  File "/opt/anaconda3/lib/python3.7/site-packages/urllib3/connection.py", line 175, in _new_conn
    (self._dns_host, self.port), self.timeout, **extra_kw
  File "/opt/anaconda3/lib/python3.7/site-packages/urllib3/util/connection.py", line 72, in create_connection
    for res in socket.getaddrinfo(host, port, family, socket.SOCK_STREAM):
  File "/opt/anaconda3/lib/python3.7/socket.py", line 752, in getaddrinfo
    for res in _socket.getaddrinfo(host, port, family, type, proto, flags):
socket.gaierror: [Errno 8] nodename nor servname provided, or not known

During handling of the above exception, another exception occurred:

Traceback (most recent call last):
  File "/opt/anaconda3/lib/python3.7/site-packages/urllib3/connectionpool.py", line 710, in urlopen
    chunked=chunked,
  File "/opt/anaconda3/lib/python3.7/site-packages/urllib3/connectionpool.py", line 386, in _make_request
    self._validate_conn(conn)
  File "/opt/anaconda3/lib/python3.7/site-packages/urllib3/connectionpool.py", line 1040, in _validate_conn
    conn.connect()
  File "/opt/anaconda3/lib/python3.7/site-packages/urllib3/connection.py", line 358, in connect
    conn = self._new_conn()
  File "/opt/anaconda3/lib/python3.7/site-packages/urllib3/connection.py", line 187, in _new_conn
    self, "Failed to establish a new connection: %s" % e
urllib3.exceptions.NewConnectionError: <urllib3.connection.HTTPSConnection object at 0x7fdb4c19c7d0>: Failed to establish a new connection: [Errno 8] nodename nor servname provided, or not known

During handling of the above exception, another exception occurred:

Traceback (most recent call last):
  File "/opt/anaconda3/lib/python3.7/site-packages/requests/adapters.py", line 450, in send
    timeout=timeout
  File "/opt/anaconda3/lib/python3.7/site-packages/urllib3/connectionpool.py", line 786, in urlopen
    method, url, error=e, _pool=self, _stacktrace=sys.exc_info()[2]
  File "/opt/anaconda3/lib/python3.7/site-packages/urllib3/util/retry.py", line 592, in increment
    raise MaxRetryError(_pool, url, error or ResponseError(cause))
urllib3.exceptions.MaxRetryError: HTTPSConnectionPool(host='api.wandb.ai', port=443): Max retries exceeded with url: /graphql (Caused by NewConnectionError('<urllib3.connection.HTTPSConnection object at 0x7fdb4c19c7d0>: Failed to establish a new connection: [Errno 8] nodename nor servname provided, or not known'))

During handling of the above exception, another exception occurred:

Traceback (most recent call last):
  File "/opt/anaconda3/lib/python3.7/site-packages/wandb/sdk/lib/retry.py", line 102, in __call__
    result = self._call_fn(*args, **kwargs)
  File "/opt/anaconda3/lib/python3.7/site-packages/wandb/sdk/internal/internal_api.py", line 140, in execute
    return self.client.execute(*args, **kwargs)
  File "/opt/anaconda3/lib/python3.7/site-packages/wandb/vendor/gql-0.2.0/wandb_gql/client.py", line 52, in execute
    result = self._get_result(document, *args, **kwargs)
  File "/opt/anaconda3/lib/python3.7/site-packages/wandb/vendor/gql-0.2.0/wandb_gql/client.py", line 60, in _get_result
    return self.transport.execute(document, *args, **kwargs)
  File "/opt/anaconda3/lib/python3.7/site-packages/wandb/vendor/gql-0.2.0/wandb_gql/transport/requests.py", line 38, in execute
    request = requests.post(self.url, **post_args)
  File "/opt/anaconda3/lib/python3.7/site-packages/requests/api.py", line 117, in post
    return request('post', url, data=data, json=json, **kwargs)
  File "/opt/anaconda3/lib/python3.7/site-packages/requests/api.py", line 61, in request
    return session.request(method=method, url=url, **kwargs)
  File "/opt/anaconda3/lib/python3.7/site-packages/requests/sessions.py", line 529, in request
    resp = self.send(prep, **send_kwargs)
  File "/opt/anaconda3/lib/python3.7/site-packages/requests/sessions.py", line 645, in send
    r = adapter.send(request, **kwargs)
  File "/opt/anaconda3/lib/python3.7/site-packages/requests/adapters.py", line 519, in send
    raise ConnectionError(e, request=request)
requests.exceptions.ConnectionError: HTTPSConnectionPool(host='api.wandb.ai', port=443): Max retries exceeded with url: /graphql (Caused by NewConnectionError('<urllib3.connection.HTTPSConnection object at 0x7fdb4c19c7d0>: Failed to establish a new connection: [Errno 8] nodename nor servname provided, or not known'))
2022-03-16 22:37:27,032 INFO    Thread-7  :34165 [dir_watcher.py:_on_file_modified():230] file/dir modified: /Users/wz/IdeaProjects/context-aware-embedding/Resources/code/wandb/run-20220316_214128-18kvy4xr/files/output.log
2022-03-16 22:37:42,423 DEBUG   HandlerThread:34165 [handler.py:handle_request():141] handle_request: stop_status
2022-03-16 22:37:57,856 DEBUG   SenderThread:34165 [sender.py:send_request():249] send_request: stop_status
2022-03-16 22:37:58,130 DEBUG   SenderThread:34165 [sender.py:send_request():249] send_request: stop_status
2022-03-16 22:37:58,406 DEBUG   SenderThread:34165 [sender.py:send_request():249] send_request: stop_status
2022-03-16 22:37:58,679 DEBUG   SenderThread:34165 [sender.py:send_request():249] send_request: stop_status
2022-03-16 22:37:59,043 DEBUG   SenderThread:34165 [sender.py:send_request():249] send_request: stop_status
2022-03-16 22:37:59,400 DEBUG   SenderThread:34165 [sender.py:send_request():249] send_request: stop_status
2022-03-16 22:37:59,784 DEBUG   SenderThread:34165 [sender.py:send_request():249] send_request: stop_status
2022-03-16 22:38:00,056 DEBUG   SenderThread:34165 [sender.py:send_request():249] send_request: stop_status
2022-03-16 22:38:00,325 DEBUG   SenderThread:34165 [sender.py:send_request():249] send_request: stop_status
2022-03-16 22:38:00,594 DEBUG   SenderThread:34165 [sender.py:send_request():249] send_request: stop_status
2022-03-16 22:38:02,431 DEBUG   HandlerThread:34165 [handler.py:handle_request():141] handle_request: stop_status
2022-03-16 22:38:02,431 DEBUG   SenderThread:34165 [sender.py:send_request():249] send_request: stop_status
2022-03-16 22:38:17,720 DEBUG   HandlerThread:34165 [handler.py:handle_request():141] handle_request: stop_status
2022-03-16 22:38:17,720 DEBUG   SenderThread:34165 [sender.py:send_request():249] send_request: stop_status
2022-03-16 22:38:33,036 DEBUG   HandlerThread:34165 [handler.py:handle_request():141] handle_request: stop_status
2022-03-16 22:38:33,037 DEBUG   SenderThread:34165 [sender.py:send_request():249] send_request: stop_status
2022-03-16 22:38:48,326 DEBUG   HandlerThread:34165 [handler.py:handle_request():141] handle_request: stop_status
2022-03-16 22:38:48,327 DEBUG   SenderThread:34165 [sender.py:send_request():249] send_request: stop_status
2022-03-16 22:39:03,633 DEBUG   HandlerThread:34165 [handler.py:handle_request():141] handle_request: stop_status
2022-03-16 22:39:03,634 DEBUG   SenderThread:34165 [sender.py:send_request():249] send_request: stop_status
2022-03-16 22:39:18,921 DEBUG   HandlerThread:34165 [handler.py:handle_request():141] handle_request: stop_status
2022-03-16 22:39:18,922 DEBUG   SenderThread:34165 [sender.py:send_request():249] send_request: stop_status
2022-03-16 22:39:34,207 DEBUG   HandlerThread:34165 [handler.py:handle_request():141] handle_request: stop_status
2022-03-16 22:39:34,208 DEBUG   SenderThread:34165 [sender.py:send_request():249] send_request: stop_status
2022-03-16 22:39:49,591 DEBUG   HandlerThread:34165 [handler.py:handle_request():141] handle_request: stop_status
2022-03-16 22:39:49,592 DEBUG   SenderThread:34165 [sender.py:send_request():249] send_request: stop_status
2022-03-16 22:40:04,876 DEBUG   HandlerThread:34165 [handler.py:handle_request():141] handle_request: stop_status
2022-03-16 22:40:04,877 DEBUG   SenderThread:34165 [sender.py:send_request():249] send_request: stop_status
2022-03-16 22:40:20,176 DEBUG   HandlerThread:34165 [handler.py:handle_request():141] handle_request: stop_status
2022-03-16 22:40:20,176 DEBUG   SenderThread:34165 [sender.py:send_request():249] send_request: stop_status
2022-03-16 22:40:35,499 DEBUG   HandlerThread:34165 [handler.py:handle_request():141] handle_request: stop_status
2022-03-16 22:40:35,500 DEBUG   SenderThread:34165 [sender.py:send_request():249] send_request: stop_status
2022-03-16 22:40:50,784 DEBUG   HandlerThread:34165 [handler.py:handle_request():141] handle_request: stop_status
2022-03-16 22:40:50,784 DEBUG   SenderThread:34165 [sender.py:send_request():249] send_request: stop_status
2022-03-16 22:41:07,222 DEBUG   HandlerThread:34165 [handler.py:handle_request():141] handle_request: stop_status
2022-03-16 22:41:07,223 DEBUG   SenderThread:34165 [sender.py:send_request():249] send_request: stop_status
2022-03-16 22:41:22,633 DEBUG   HandlerThread:34165 [handler.py:handle_request():141] handle_request: stop_status
2022-03-16 22:41:22,634 DEBUG   SenderThread:34165 [sender.py:send_request():249] send_request: stop_status
2022-03-16 22:41:38,007 DEBUG   HandlerThread:34165 [handler.py:handle_request():141] handle_request: stop_status
2022-03-16 22:41:38,007 DEBUG   SenderThread:34165 [sender.py:send_request():249] send_request: stop_status
2022-03-16 22:41:53,293 DEBUG   HandlerThread:34165 [handler.py:handle_request():141] handle_request: stop_status
2022-03-16 22:41:53,294 DEBUG   SenderThread:34165 [sender.py:send_request():249] send_request: stop_status
2022-03-16 22:42:08,593 DEBUG   HandlerThread:34165 [handler.py:handle_request():141] handle_request: stop_status
2022-03-16 22:42:08,594 DEBUG   SenderThread:34165 [sender.py:send_request():249] send_request: stop_status
2022-03-16 22:42:23,879 DEBUG   HandlerThread:34165 [handler.py:handle_request():141] handle_request: stop_status
2022-03-16 22:42:23,879 DEBUG   SenderThread:34165 [sender.py:send_request():249] send_request: stop_status
2022-03-16 22:42:39,263 DEBUG   HandlerThread:34165 [handler.py:handle_request():141] handle_request: stop_status
2022-03-16 22:42:39,263 DEBUG   SenderThread:34165 [sender.py:send_request():249] send_request: stop_status
2022-03-16 22:42:54,707 DEBUG   HandlerThread:34165 [handler.py:handle_request():141] handle_request: stop_status
2022-03-16 22:42:54,707 DEBUG   SenderThread:34165 [sender.py:send_request():249] send_request: stop_status
2022-03-16 22:43:10,003 DEBUG   HandlerThread:34165 [handler.py:handle_request():141] handle_request: stop_status
2022-03-16 22:43:10,004 DEBUG   SenderThread:34165 [sender.py:send_request():249] send_request: stop_status
2022-03-16 22:43:25,289 DEBUG   HandlerThread:34165 [handler.py:handle_request():141] handle_request: stop_status
2022-03-16 22:43:25,289 DEBUG   SenderThread:34165 [sender.py:send_request():249] send_request: stop_status
2022-03-16 22:43:40,741 DEBUG   HandlerThread:34165 [handler.py:handle_request():141] handle_request: stop_status
2022-03-16 22:43:40,742 DEBUG   SenderThread:34165 [sender.py:send_request():249] send_request: stop_status
2022-03-16 22:43:56,024 DEBUG   HandlerThread:34165 [handler.py:handle_request():141] handle_request: stop_status
2022-03-16 22:43:56,024 DEBUG   SenderThread:34165 [sender.py:send_request():249] send_request: stop_status
2022-03-16 22:44:11,309 DEBUG   HandlerThread:34165 [handler.py:handle_request():141] handle_request: stop_status
2022-03-16 22:44:11,309 DEBUG   SenderThread:34165 [sender.py:send_request():249] send_request: stop_status
2022-03-16 22:44:26,604 DEBUG   HandlerThread:34165 [handler.py:handle_request():141] handle_request: stop_status
2022-03-16 22:44:26,605 DEBUG   SenderThread:34165 [sender.py:send_request():249] send_request: stop_status
2022-03-16 22:44:41,988 DEBUG   HandlerThread:34165 [handler.py:handle_request():141] handle_request: stop_status
2022-03-16 22:44:41,988 DEBUG   SenderThread:34165 [sender.py:send_request():249] send_request: stop_status
2022-03-16 22:44:57,310 DEBUG   HandlerThread:34165 [handler.py:handle_request():141] handle_request: stop_status
2022-03-16 22:44:57,310 DEBUG   SenderThread:34165 [sender.py:send_request():249] send_request: stop_status
2022-03-16 22:45:12,586 DEBUG   HandlerThread:34165 [handler.py:handle_request():141] handle_request: stop_status
2022-03-16 22:45:12,587 DEBUG   SenderThread:34165 [sender.py:send_request():249] send_request: stop_status
2022-03-16 22:45:27,911 DEBUG   HandlerThread:34165 [handler.py:handle_request():141] handle_request: stop_status
2022-03-16 22:45:27,911 DEBUG   SenderThread:34165 [sender.py:send_request():249] send_request: stop_status
2022-03-16 22:45:43,204 DEBUG   HandlerThread:34165 [handler.py:handle_request():141] handle_request: stop_status
2022-03-16 22:45:43,205 DEBUG   SenderThread:34165 [sender.py:send_request():249] send_request: stop_status
2022-03-16 22:45:58,494 DEBUG   HandlerThread:34165 [handler.py:handle_request():141] handle_request: stop_status
2022-03-16 22:45:58,494 DEBUG   SenderThread:34165 [sender.py:send_request():249] send_request: stop_status
2022-03-16 22:46:13,784 DEBUG   HandlerThread:34165 [handler.py:handle_request():141] handle_request: stop_status
2022-03-16 22:46:13,785 DEBUG   SenderThread:34165 [sender.py:send_request():249] send_request: stop_status
2022-03-16 22:46:29,157 DEBUG   HandlerThread:34165 [handler.py:handle_request():141] handle_request: stop_status
2022-03-16 22:46:29,157 DEBUG   SenderThread:34165 [sender.py:send_request():249] send_request: stop_status
2022-03-16 22:46:44,440 DEBUG   HandlerThread:34165 [handler.py:handle_request():141] handle_request: stop_status
2022-03-16 22:46:44,441 DEBUG   SenderThread:34165 [sender.py:send_request():249] send_request: stop_status
2022-03-16 22:46:59,738 DEBUG   HandlerThread:34165 [handler.py:handle_request():141] handle_request: stop_status
2022-03-16 22:46:59,739 DEBUG   SenderThread:34165 [sender.py:send_request():249] send_request: stop_status
2022-03-16 22:47:15,019 DEBUG   HandlerThread:34165 [handler.py:handle_request():141] handle_request: stop_status
2022-03-16 22:47:15,020 DEBUG   SenderThread:34165 [sender.py:send_request():249] send_request: stop_status
2022-03-16 22:47:31,323 DEBUG   HandlerThread:34165 [handler.py:handle_request():141] handle_request: stop_status
2022-03-16 22:47:31,324 DEBUG   SenderThread:34165 [sender.py:send_request():249] send_request: stop_status
2022-03-16 22:47:46,608 DEBUG   HandlerThread:34165 [handler.py:handle_request():141] handle_request: stop_status
2022-03-16 22:47:46,609 DEBUG   SenderThread:34165 [sender.py:send_request():249] send_request: stop_status
2022-03-16 22:48:01,913 DEBUG   HandlerThread:34165 [handler.py:handle_request():141] handle_request: stop_status
2022-03-16 22:48:01,913 DEBUG   SenderThread:34165 [sender.py:send_request():249] send_request: stop_status
2022-03-16 22:48:17,203 DEBUG   HandlerThread:34165 [handler.py:handle_request():141] handle_request: stop_status
2022-03-16 22:48:17,204 DEBUG   SenderThread:34165 [sender.py:send_request():249] send_request: stop_status
2022-03-16 22:48:32,580 DEBUG   HandlerThread:34165 [handler.py:handle_request():141] handle_request: stop_status
2022-03-16 22:48:32,580 DEBUG   SenderThread:34165 [sender.py:send_request():249] send_request: stop_status
2022-03-16 22:48:47,954 DEBUG   HandlerThread:34165 [handler.py:handle_request():141] handle_request: stop_status
2022-03-16 22:48:47,955 DEBUG   SenderThread:34165 [sender.py:send_request():249] send_request: stop_status
2022-03-16 22:49:03,233 DEBUG   HandlerThread:34165 [handler.py:handle_request():141] handle_request: stop_status
2022-03-16 22:49:03,233 DEBUG   SenderThread:34165 [sender.py:send_request():249] send_request: stop_status
2022-03-16 22:49:18,527 DEBUG   HandlerThread:34165 [handler.py:handle_request():141] handle_request: stop_status
2022-03-16 22:49:18,527 DEBUG   SenderThread:34165 [sender.py:send_request():249] send_request: stop_status
2022-03-16 22:49:33,820 DEBUG   HandlerThread:34165 [handler.py:handle_request():141] handle_request: stop_status
2022-03-16 22:49:33,820 DEBUG   SenderThread:34165 [sender.py:send_request():249] send_request: stop_status
2022-03-16 22:49:49,099 DEBUG   HandlerThread:34165 [handler.py:handle_request():141] handle_request: stop_status
2022-03-16 22:49:49,099 DEBUG   SenderThread:34165 [sender.py:send_request():249] send_request: stop_status
2022-03-16 22:50:04,375 DEBUG   HandlerThread:34165 [handler.py:handle_request():141] handle_request: stop_status
2022-03-16 22:50:04,375 DEBUG   SenderThread:34165 [sender.py:send_request():249] send_request: stop_status
2022-03-16 22:50:19,649 DEBUG   HandlerThread:34165 [handler.py:handle_request():141] handle_request: stop_status
2022-03-16 22:50:19,650 DEBUG   SenderThread:34165 [sender.py:send_request():249] send_request: stop_status
2022-03-16 22:50:35,026 DEBUG   HandlerThread:34165 [handler.py:handle_request():141] handle_request: stop_status
2022-03-16 22:50:35,026 DEBUG   SenderThread:34165 [sender.py:send_request():249] send_request: stop_status
2022-03-16 22:50:50,311 DEBUG   HandlerThread:34165 [handler.py:handle_request():141] handle_request: stop_status
2022-03-16 22:50:50,312 DEBUG   SenderThread:34165 [sender.py:send_request():249] send_request: stop_status
2022-03-16 22:51:05,602 DEBUG   HandlerThread:34165 [handler.py:handle_request():141] handle_request: stop_status
2022-03-16 22:51:05,603 DEBUG   SenderThread:34165 [sender.py:send_request():249] send_request: stop_status
2022-03-16 22:51:20,981 DEBUG   HandlerThread:34165 [handler.py:handle_request():141] handle_request: stop_status
2022-03-16 22:51:20,982 DEBUG   SenderThread:34165 [sender.py:send_request():249] send_request: stop_status
2022-03-16 22:51:36,349 DEBUG   HandlerThread:34165 [handler.py:handle_request():141] handle_request: stop_status
2022-03-16 22:51:36,349 DEBUG   SenderThread:34165 [sender.py:send_request():249] send_request: stop_status
2022-03-16 22:51:51,720 DEBUG   HandlerThread:34165 [handler.py:handle_request():141] handle_request: stop_status
2022-03-16 22:51:51,721 DEBUG   SenderThread:34165 [sender.py:send_request():249] send_request: stop_status
2022-03-16 22:52:07,001 DEBUG   HandlerThread:34165 [handler.py:handle_request():141] handle_request: stop_status
2022-03-16 22:52:07,001 DEBUG   SenderThread:34165 [sender.py:send_request():249] send_request: stop_status
2022-03-16 22:52:22,289 DEBUG   HandlerThread:34165 [handler.py:handle_request():141] handle_request: stop_status
2022-03-16 22:52:22,289 DEBUG   SenderThread:34165 [sender.py:send_request():249] send_request: stop_status
2022-03-16 22:52:37,579 DEBUG   HandlerThread:34165 [handler.py:handle_request():141] handle_request: stop_status
2022-03-16 22:52:37,579 DEBUG   SenderThread:34165 [sender.py:send_request():249] send_request: stop_status
2022-03-16 22:52:53,049 DEBUG   HandlerThread:34165 [handler.py:handle_request():141] handle_request: stop_status
2022-03-16 22:52:53,049 DEBUG   SenderThread:34165 [sender.py:send_request():249] send_request: stop_status
2022-03-16 22:53:08,411 DEBUG   HandlerThread:34165 [handler.py:handle_request():141] handle_request: stop_status
2022-03-16 22:53:08,412 DEBUG   SenderThread:34165 [sender.py:send_request():249] send_request: stop_status
2022-03-16 22:53:23,689 DEBUG   HandlerThread:34165 [handler.py:handle_request():141] handle_request: stop_status
2022-03-16 22:53:23,689 DEBUG   SenderThread:34165 [sender.py:send_request():249] send_request: stop_status
2022-03-16 22:53:38,964 DEBUG   HandlerThread:34165 [handler.py:handle_request():141] handle_request: stop_status
2022-03-16 22:53:38,965 DEBUG   SenderThread:34165 [sender.py:send_request():249] send_request: stop_status
2022-03-16 22:53:54,241 DEBUG   HandlerThread:34165 [handler.py:handle_request():141] handle_request: stop_status
2022-03-16 22:53:54,242 DEBUG   SenderThread:34165 [sender.py:send_request():249] send_request: stop_status
2022-03-16 22:54:09,527 DEBUG   HandlerThread:34165 [handler.py:handle_request():141] handle_request: stop_status
2022-03-16 22:54:09,527 DEBUG   SenderThread:34165 [sender.py:send_request():249] send_request: stop_status
2022-03-16 22:54:24,853 DEBUG   HandlerThread:34165 [handler.py:handle_request():141] handle_request: stop_status
2022-03-16 22:54:24,853 DEBUG   SenderThread:34165 [sender.py:send_request():249] send_request: stop_status
2022-03-16 22:54:40,131 DEBUG   HandlerThread:34165 [handler.py:handle_request():141] handle_request: stop_status
2022-03-16 22:54:40,131 DEBUG   SenderThread:34165 [sender.py:send_request():249] send_request: stop_status
2022-03-16 22:54:55,411 DEBUG   HandlerThread:34165 [handler.py:handle_request():141] handle_request: stop_status
2022-03-16 22:54:55,411 DEBUG   SenderThread:34165 [sender.py:send_request():249] send_request: stop_status
2022-03-16 22:55:10,685 DEBUG   HandlerThread:34165 [handler.py:handle_request():141] handle_request: stop_status
2022-03-16 22:55:10,685 DEBUG   SenderThread:34165 [sender.py:send_request():249] send_request: stop_status
2022-03-16 22:55:25,959 DEBUG   HandlerThread:34165 [handler.py:handle_request():141] handle_request: stop_status
2022-03-16 22:55:25,960 DEBUG   SenderThread:34165 [sender.py:send_request():249] send_request: stop_status
2022-03-16 22:55:41,234 DEBUG   HandlerThread:34165 [handler.py:handle_request():141] handle_request: stop_status
2022-03-16 22:55:41,234 DEBUG   SenderThread:34165 [sender.py:send_request():249] send_request: stop_status
2022-03-16 22:55:47,504 DEBUG   HandlerThread:34165 [handler.py:handle_request():141] handle_request: resume
2022-03-16 22:55:47,504 INFO    HandlerThread:34165 [handler.py:handle_request_resume():650] starting system metrics thread
2022-03-16 22:55:50,089 INFO    Thread-7  :34165 [dir_watcher.py:_on_file_modified():230] file/dir modified: /Users/wz/IdeaProjects/context-aware-embedding/Resources/code/wandb/run-20220316_214128-18kvy4xr/files/output.log
2022-03-16 22:55:56,511 DEBUG   HandlerThread:34165 [handler.py:handle_request():141] handle_request: stop_status
2022-03-16 22:55:56,512 DEBUG   SenderThread:34165 [sender.py:send_request():249] send_request: stop_status
2022-03-16 22:56:08,090 WARNING MainThread:34165 [internal.py:wandb_internal():155] Internal process interrupt: 2
2022-03-16 22:56:08,090 ERROR   MainThread:34165 [internal.py:wandb_internal():158] Internal process interrupted.
2022-03-16 22:56:08,126 DEBUG   HandlerThread:34165 [handler.py:handle_request():141] handle_request: pause
2022-03-16 22:56:08,126 INFO    HandlerThread:34165 [handler.py:handle_request_pause():659] stopping system metrics thread
2022-03-16 22:56:08,134 INFO    HandlerThread:34165 [handler.py:finish():778] shutting down handler
2022-03-16 22:56:08,396 INFO    WriterThread:34165 [datastore.py:close():281] close: /Users/wz/IdeaProjects/context-aware-embedding/Resources/code/wandb/run-20220316_214128-18kvy4xr/run-18kvy4xr.wandb
2022-03-16 22:56:08,800 INFO    SenderThread:34165 [sender.py:finish():1078] shutting down sender
2022-03-16 22:56:08,800 INFO    SenderThread:34165 [dir_watcher.py:finish():283] shutting down directory watcher
2022-03-16 22:56:09,137 INFO    SenderThread:34165 [dir_watcher.py:finish():313] scan: /Users/wz/IdeaProjects/context-aware-embedding/Resources/code/wandb/run-20220316_214128-18kvy4xr/files
2022-03-16 22:56:09,138 INFO    SenderThread:34165 [dir_watcher.py:finish():327] scan save: /Users/wz/IdeaProjects/context-aware-embedding/Resources/code/wandb/run-20220316_214128-18kvy4xr/files/requirements.txt requirements.txt
2022-03-16 22:56:09,138 INFO    SenderThread:34165 [dir_watcher.py:finish():327] scan save: /Users/wz/IdeaProjects/context-aware-embedding/Resources/code/wandb/run-20220316_214128-18kvy4xr/files/output.log output.log
2022-03-16 22:56:09,143 INFO    SenderThread:34165 [dir_watcher.py:finish():327] scan save: /Users/wz/IdeaProjects/context-aware-embedding/Resources/code/wandb/run-20220316_214128-18kvy4xr/files/config.yaml config.yaml
2022-03-16 22:56:09,147 INFO    SenderThread:34165 [dir_watcher.py:finish():327] scan save: /Users/wz/IdeaProjects/context-aware-embedding/Resources/code/wandb/run-20220316_214128-18kvy4xr/files/wandb-summary.json wandb-summary.json
2022-03-16 22:56:09,147 INFO    SenderThread:34165 [dir_watcher.py:finish():327] scan save: /Users/wz/IdeaProjects/context-aware-embedding/Resources/code/wandb/run-20220316_214128-18kvy4xr/files/conda-environment.yaml conda-environment.yaml
2022-03-16 22:56:09,154 INFO    SenderThread:34165 [dir_watcher.py:finish():327] scan save: /Users/wz/IdeaProjects/context-aware-embedding/Resources/code/wandb/run-20220316_214128-18kvy4xr/files/wandb-metadata.json wandb-metadata.json
2022-03-16 22:56:09,154 INFO    SenderThread:34165 [file_pusher.py:finish():145] shutting down file pusher
2022-03-16 22:56:09,154 INFO    SenderThread:34165 [file_pusher.py:join():150] waiting for file pusher
2022-03-16 22:56:10,010 INFO    Thread-24 :34165 [upload_job.py:push():137] Uploaded file /Users/wz/IdeaProjects/context-aware-embedding/Resources/code/wandb/run-20220316_214128-18kvy4xr/files/requirements.txt
2022-03-16 22:56:10,024 INFO    Thread-25 :34165 [upload_job.py:push():137] Uploaded file /Users/wz/IdeaProjects/context-aware-embedding/Resources/code/wandb/run-20220316_214128-18kvy4xr/files/output.log
2022-03-16 22:56:10,031 INFO    Thread-28 :34165 [upload_job.py:push():137] Uploaded file /Users/wz/IdeaProjects/context-aware-embedding/Resources/code/wandb/run-20220316_214128-18kvy4xr/files/conda-environment.yaml
2022-03-16 22:56:10,032 INFO    Thread-26 :34165 [upload_job.py:push():137] Uploaded file /Users/wz/IdeaProjects/context-aware-embedding/Resources/code/wandb/run-20220316_214128-18kvy4xr/files/config.yaml
2022-03-16 22:56:10,090 INFO    Thread-27 :34165 [upload_job.py:push():137] Uploaded file /Users/wz/IdeaProjects/context-aware-embedding/Resources/code/wandb/run-20220316_214128-18kvy4xr/files/wandb-summary.json
2022-03-16 22:56:10,933 INFO    MainThread:34165 [internal.py:handle_exit():82] Internal process exited
